#
# There is insufficient memory for the Java Runtime Environment to continue.
# Native memory allocation (mmap) failed to map 76546048 bytes for committing reserved memory.
# Possible reasons:
#   The system is out of physical RAM or swap space
#   In 32 bit mode, the process size limit was hit
# Possible solutions:
#   Reduce memory load on the system
#   Increase physical memory or swap space
#   Check if swap backing store is full
#   Use 64 bit Java on a 64 bit OS
#   Decrease Java heap size (-Xmx/-Xms)
#   Decrease number of Java threads
#   Decrease Java thread stack sizes (-Xss)
#   Set larger code cache with -XX:ReservedCodeCacheSize=
# This output file may be truncated or incomplete.
#
#  Out of Memory Error (os_linux.cpp:2640), pid=30885, tid=0x00007fb2cf7f7700
#
# JRE version: Java(TM) SE Runtime Environment (8.0_181-b13) (build 1.8.0_181-b13)
# Java VM: Java HotSpot(TM) 64-Bit Server VM (25.181-b13 mixed mode linux-amd64 compressed oops)
# Failed to write core dump. Core dumps have been disabled. To enable core dumping, try "ulimit -c unlimited" before starting Java again
#

---------------  T H R E A D  ---------------

Current thread (0x00007fb2e8073800):  VMThread [stack: 0x00007fb2cf6f8000,0x00007fb2cf7f8000] [id=30891]

Stack: [0x00007fb2cf6f8000,0x00007fb2cf7f8000],  sp=0x00007fb2cf7f5f40,  free space=1015k
Native frames: (J=compiled Java code, j=interpreted, Vv=VM code, C=native code)
V  [libjvm.so+0xad21aa]  VMError::report_and_die()+0x2ba
V  [libjvm.so+0x5022db]  report_vm_out_of_memory(char const*, int, unsigned long, VMErrorType, char const*)+0x8b
V  [libjvm.so+0x92fe33]  os::Linux::commit_memory_impl(char*, unsigned long, bool)+0x123
V  [libjvm.so+0x930059]  os::pd_commit_memory(char*, unsigned long, unsigned long, bool)+0x29
V  [libjvm.so+0x9272ba]  os::commit_memory(char*, unsigned long, unsigned long, bool)+0x2a
V  [libjvm.so+0x99d2e3]  PSVirtualSpace::expand_by(unsigned long)+0x53
V  [libjvm.so+0x99e6e8]  PSYoungGen::resize_generation(unsigned long, unsigned long)+0xf8
V  [libjvm.so+0x99d842]  PSYoungGen::resize(unsigned long, unsigned long)+0x22
V  [libjvm.so+0x99ab1b]  PSScavenge::invoke_no_policy()+0xf3b
V  [libjvm.so+0x995dc5]  PSParallelCompact::invoke(bool)+0x85
V  [libjvm.so+0x488e34]  CollectedHeap::collect_as_vm_thread(GCCause::Cause)+0x114
V  [libjvm.so+0xad3631]  VM_CollectForMetadataAllocation::doit()+0x161
V  [libjvm.so+0xadb745]  VM_Operation::evaluate()+0x55
V  [libjvm.so+0xad9b0a]  VMThread::evaluate_operation(VM_Operation*)+0xba
V  [libjvm.so+0xad9e8e]  VMThread::loop()+0x1ce
V  [libjvm.so+0xada300]  VMThread::run()+0x70
V  [libjvm.so+0x930198]  java_start(Thread*)+0x108

VM_Operation (0x00007fb2cc374aa0): CollectForMetadataAllocation, mode: safepoint, requested by thread 0x00007fb2b0001000


---------------  P R O C E S S  ---------------

Java Threads: ( => current thread )
  0x00007fb29833c000 JavaThread "pool-1-thread-118" [_thread_blocked, id=31139, stack(0x00007fb28bfa0000,0x00007fb28c0a1000)]
  0x00007fb29c0c0800 JavaThread "pool-1-thread-117" [_thread_blocked, id=31137, stack(0x00007fb28ad8e000,0x00007fb28ae8f000)]
  0x00007fb29c0bf000 JavaThread "pool-1-thread-116" [_thread_blocked, id=31136, stack(0x00007fb28ae8f000,0x00007fb28af90000)]
  0x00007fb29c0bd000 JavaThread "pool-1-thread-115" [_thread_blocked, id=31135, stack(0x00007fb28af90000,0x00007fb28b091000)]
  0x00007fb29c0bb000 JavaThread "pool-1-thread-114" [_thread_blocked, id=31134, stack(0x00007fb28b091000,0x00007fb28b192000)]
  0x00007fb29c0b9800 JavaThread "pool-1-thread-113" [_thread_blocked, id=31133, stack(0x00007fb28b192000,0x00007fb28b293000)]
  0x00007fb29c0b7800 JavaThread "pool-1-thread-112" [_thread_blocked, id=31132, stack(0x00007fb28b293000,0x00007fb28b394000)]
  0x00007fb29c0b6000 JavaThread "pool-1-thread-111" [_thread_blocked, id=31131, stack(0x00007fb28b394000,0x00007fb28b495000)]
  0x00007fb29c0b4000 JavaThread "pool-1-thread-110" [_thread_blocked, id=31130, stack(0x00007fb28b495000,0x00007fb28b596000)]
  0x00007fb29c0b2000 JavaThread "pool-1-thread-109" [_thread_blocked, id=31129, stack(0x00007fb28b596000,0x00007fb28b697000)]
  0x00007fb29c0b0800 JavaThread "pool-1-thread-108" [_thread_blocked, id=31128, stack(0x00007fb28b697000,0x00007fb28b798000)]
  0x00007fb29c0ae800 JavaThread "pool-1-thread-107" [_thread_blocked, id=31127, stack(0x00007fb28b798000,0x00007fb28b899000)]
  0x00007fb29c0ad000 JavaThread "pool-1-thread-106" [_thread_blocked, id=31126, stack(0x00007fb28b899000,0x00007fb28b99a000)]
  0x00007fb29c0ab000 JavaThread "pool-1-thread-105" [_thread_blocked, id=31124, stack(0x00007fb28b99a000,0x00007fb28ba9b000)]
  0x00007fb29c0a9000 JavaThread "pool-1-thread-104" [_thread_blocked, id=31123, stack(0x00007fb28ba9b000,0x00007fb28bb9c000)]
  0x00007fb29c0a7000 JavaThread "pool-1-thread-103" [_thread_blocked, id=31122, stack(0x00007fb28bb9c000,0x00007fb28bc9d000)]
  0x00007fb29c0a6000 JavaThread "pool-1-thread-102" [_thread_blocked, id=31119, stack(0x00007fb28bd9e000,0x00007fb28be9f000)]
  0x00007fb29c0a5000 JavaThread "pool-1-thread-101" [_thread_blocked, id=31117, stack(0x00007fb28be9f000,0x00007fb28bfa0000)]
  0x00007fb29c0a4000 JavaThread "pool-1-thread-100" [_thread_blocked, id=31114, stack(0x00007fb28c0a1000,0x00007fb28c1a2000)]
  0x00007fb29c0a3000 JavaThread "pool-1-thread-99" [_thread_blocked, id=31113, stack(0x00007fb28bc9d000,0x00007fb28bd9e000)]
  0x00007fb2985bf800 JavaThread "pool-1-thread-98" [_thread_blocked, id=31103, stack(0x00007fb28c9c2000,0x00007fb28cac3000)]
  0x00007fb2985be800 JavaThread "pool-1-thread-97" [_thread_blocked, id=31102, stack(0x00007fb28d322000,0x00007fb28d423000)]
  0x00007fb29c0a1000 JavaThread "pool-1-thread-96" [_thread_blocked, id=31101, stack(0x00007fb28d120000,0x00007fb28d221000)]
  0x00007fb29c0a0000 JavaThread "pool-1-thread-95" [_thread_blocked, id=31100, stack(0x00007fb28d221000,0x00007fb28d322000)]
  0x00007fb2981fb000 JavaThread "pool-1-thread-94" [_thread_blocked, id=31097, stack(0x00007fb28da23000,0x00007fb28db24000)]
  0x00007fb2981f9800 JavaThread "pool-1-thread-93" [_thread_blocked, id=31096, stack(0x00007fb28e5e6000,0x00007fb28e6e7000)]
  0x00007fb2981f9000 JavaThread "pool-1-thread-92" [_thread_blocked, id=31095, stack(0x00007fb2ce299000,0x00007fb2ce39a000)]
  0x00007fb298028000 JavaThread "pool-1-thread-91" [_thread_blocked, id=31082, stack(0x00007fb28e6e7000,0x00007fb28e7e8000)]
  0x00007fb29c09d800 JavaThread "pool-1-thread-90" [_thread_blocked, id=31081, stack(0x00007fb28e7e8000,0x00007fb28e8e9000)]
  0x00007fb29c09b000 JavaThread "pool-1-thread-89" [_thread_blocked, id=31080, stack(0x00007fb28e8e9000,0x00007fb28e9ea000)]
  0x00007fb29c099000 JavaThread "pool-1-thread-88" [_thread_blocked, id=31079, stack(0x00007fb28e9ea000,0x00007fb28eaeb000)]
  0x00007fb29c097000 JavaThread "pool-1-thread-87" [_thread_blocked, id=31078, stack(0x00007fb28eaeb000,0x00007fb28ebec000)]
  0x00007fb29c095000 JavaThread "pool-1-thread-86" [_thread_blocked, id=31077, stack(0x00007fb28ebec000,0x00007fb28eced000)]
  0x00007fb2901e5000 JavaThread "pool-1-thread-85" [_thread_blocked, id=31076, stack(0x00007fb28eced000,0x00007fb28edee000)]
  0x00007fb29c093000 JavaThread "pool-1-thread-84" [_thread_blocked, id=31072, stack(0x00007fb28edee000,0x00007fb28eeef000)]
  0x00007fb29c091000 JavaThread "pool-1-thread-83" [_thread_blocked, id=31071, stack(0x00007fb28eeef000,0x00007fb28eff0000)]
  0x00007fb29c08f000 JavaThread "pool-1-thread-82" [_thread_blocked, id=31070, stack(0x00007fb28eff0000,0x00007fb28f0f1000)]
  0x00007fb29c08d800 JavaThread "pool-1-thread-81" [_thread_blocked, id=31069, stack(0x00007fb28f0f1000,0x00007fb28f1f2000)]
  0x00007fb2ac289800 JavaThread "pool-1-thread-80" [_thread_blocked, id=31068, stack(0x00007fb28f1f2000,0x00007fb28f2f3000)]
  0x00007fb29c08b800 JavaThread "pool-1-thread-79" [_thread_blocked, id=31067, stack(0x00007fb28f2f3000,0x00007fb28f3f4000)]
  0x00007fb2b0003800 JavaThread "pool-1-thread-78" [_thread_blocked, id=31066, stack(0x00007fb28f3f4000,0x00007fb28f4f5000)]
  0x00007fb29c089800 JavaThread "pool-1-thread-77" [_thread_blocked, id=31064, stack(0x00007fb28f4f5000,0x00007fb28f5f6000)]
  0x00007fb29c087800 JavaThread "pool-1-thread-76" [_thread_blocked, id=31062, stack(0x00007fb28f5f6000,0x00007fb28f6f7000)]
  0x00007fb29c085800 JavaThread "pool-1-thread-75" [_thread_blocked, id=31060, stack(0x00007fb28f6f7000,0x00007fb28f7f8000)]
  0x00007fb29c084000 JavaThread "pool-1-thread-74" [_thread_blocked, id=31054, stack(0x00007fb28f7f8000,0x00007fb28f8f9000)]
  0x00007fb29c082000 JavaThread "pool-1-thread-73" [_thread_blocked, id=31053, stack(0x00007fb28f8f9000,0x00007fb28f9fa000)]
  0x00007fb29c080800 JavaThread "pool-1-thread-72" [_thread_blocked, id=31052, stack(0x00007fb28f9fa000,0x00007fb28fafb000)]
  0x00007fb2901de000 JavaThread "pool-1-thread-71" [_thread_blocked, id=31050, stack(0x00007fb28fafb000,0x00007fb28fbfc000)]
  0x00007fb29c07e800 JavaThread "pool-1-thread-70" [_thread_blocked, id=31048, stack(0x00007fb28fbfc000,0x00007fb28fcfd000)]
  0x00007fb29c07c800 JavaThread "pool-1-thread-69" [_thread_blocked, id=31047, stack(0x00007fb28fcfd000,0x00007fb28fdfe000)]
  0x00007fb29c07a800 JavaThread "pool-1-thread-68" [_thread_blocked, id=31046, stack(0x00007fb28fdfe000,0x00007fb28feff000)]
  0x00007fb29c078800 JavaThread "pool-1-thread-67" [_thread_blocked, id=31045, stack(0x00007fb28feff000,0x00007fb290000000)]
  0x00007fb29c076800 JavaThread "pool-1-thread-66" [_thread_blocked, id=31044, stack(0x00007fb2b40bd000,0x00007fb2b41be000)]
  0x00007fb29c074800 JavaThread "pool-1-thread-65" [_thread_blocked, id=31043, stack(0x00007fb2b41be000,0x00007fb2b42bf000)]
  0x00007fb29c072800 JavaThread "pool-1-thread-64" [_thread_blocked, id=31042, stack(0x00007fb2b42bf000,0x00007fb2b43c0000)]
  0x00007fb29c071000 JavaThread "pool-1-thread-63" [_thread_blocked, id=31037, stack(0x00007fb2b43c0000,0x00007fb2b44c1000)]
  0x00007fb29c06f000 JavaThread "pool-1-thread-62" [_thread_blocked, id=31035, stack(0x00007fb2b44c1000,0x00007fb2b45c2000)]
  0x00007fb29c06d800 JavaThread "pool-1-thread-61" [_thread_blocked, id=31033, stack(0x00007fb2b45c2000,0x00007fb2b46c3000)]
  0x00007fb29c06b800 JavaThread "pool-1-thread-60" [_thread_blocked, id=31021, stack(0x00007fb2b46c3000,0x00007fb2b47c4000)]
  0x00007fb2a0002000 JavaThread "pool-1-thread-59" [_thread_blocked, id=31019, stack(0x00007fb2b47c4000,0x00007fb2b48c5000)]
  0x00007fb29c06a000 JavaThread "pool-1-thread-58" [_thread_blocked, id=31018, stack(0x00007fb2b48c5000,0x00007fb2b49c6000)]
  0x00007fb29c068000 JavaThread "pool-1-thread-57" [_thread_blocked, id=31017, stack(0x00007fb2b49c6000,0x00007fb2b4ac7000)]
  0x00007fb29c066800 JavaThread "pool-1-thread-56" [_thread_blocked, id=31013, stack(0x00007fb2b4ac7000,0x00007fb2b4bc8000)]
  0x00007fb29c064800 JavaThread "pool-1-thread-55" [_thread_blocked, id=31011, stack(0x00007fb2b4bc8000,0x00007fb2b4cc9000)]
  0x00007fb2c0001800 JavaThread "pool-1-thread-54" [_thread_blocked, id=31009, stack(0x00007fb2b4cc9000,0x00007fb2b4dca000)]
  0x00007fb2e82bc000 JavaThread "pool-1-thread-53" [_thread_blocked, id=31006, stack(0x00007fb2b4dca000,0x00007fb2b4ecb000)]
  0x00007fb29c062000 JavaThread "pool-1-thread-52" [_thread_blocked, id=31005, stack(0x00007fb2b4ecb000,0x00007fb2b4fcc000)]
  0x00007fb29c060000 JavaThread "pool-1-thread-51" [_thread_blocked, id=31004, stack(0x00007fb2b4fcc000,0x00007fb2b50cd000)]
  0x00007fb29c05e000 JavaThread "pool-1-thread-50" [_thread_blocked, id=31003, stack(0x00007fb2b50cd000,0x00007fb2b51ce000)]
  0x00007fb29c05c000 JavaThread "pool-1-thread-49" [_thread_blocked, id=31002, stack(0x00007fb2b51ce000,0x00007fb2b52cf000)]
  0x00007fb29c05a000 JavaThread "pool-1-thread-48" [_thread_blocked, id=31001, stack(0x00007fb2b52cf000,0x00007fb2b53d0000)]
  0x00007fb29c058800 JavaThread "pool-1-thread-47" [_thread_blocked, id=31000, stack(0x00007fb2b53d0000,0x00007fb2b54d1000)]
  0x00007fb29c056800 JavaThread "pool-1-thread-46" [_thread_blocked, id=30998, stack(0x00007fb2b54d1000,0x00007fb2b55d2000)]
  0x00007fb29c054800 JavaThread "pool-1-thread-45" [_thread_blocked, id=30996, stack(0x00007fb2b55d2000,0x00007fb2b56d3000)]
  0x00007fb29c053000 JavaThread "pool-1-thread-44" [_thread_blocked, id=30995, stack(0x00007fb2b56d3000,0x00007fb2b57d4000)]
  0x00007fb29c051000 JavaThread "pool-1-thread-43" [_thread_blocked, id=30994, stack(0x00007fb2b57d4000,0x00007fb2b58d5000)]
  0x00007fb2a4001800 JavaThread "pool-1-thread-42" [_thread_blocked, id=30993, stack(0x00007fb2b58d5000,0x00007fb2b59d6000)]
  0x00007fb29c04f800 JavaThread "pool-1-thread-41" [_thread_blocked, id=30991, stack(0x00007fb2b59d6000,0x00007fb2b5ad7000)]
  0x00007fb29c04b800 JavaThread "pool-1-thread-40" [_thread_blocked, id=30990, stack(0x00007fb2cc068000,0x00007fb2cc169000)]
  0x00007fb29c04a000 JavaThread "pool-1-thread-38" [_thread_blocked, id=30982, stack(0x00007fb2cc178000,0x00007fb2cc279000)]
  0x00007fb2b0001000 JavaThread "pool-1-thread-39 for channel id=2" [_thread_blocked, id=30979, stack(0x00007fb2cc279000,0x00007fb2cc37a000)]
  0x00007fb29c048000 JavaThread "pool-1-thread-37" [_thread_blocked, id=30977, stack(0x00007fb2cc37a000,0x00007fb2cc47b000)]
  0x00007fb298018000 JavaThread "pool-1-thread-36" [_thread_blocked, id=30975, stack(0x00007fb2cc47b000,0x00007fb2cc57c000)]
  0x00007fb298016800 JavaThread "pool-1-thread-35" [_thread_blocked, id=30974, stack(0x00007fb2cc57c000,0x00007fb2cc67d000)]
  0x00007fb298014000 JavaThread "pool-1-thread-34" [_thread_blocked, id=30972, stack(0x00007fb2cc67d000,0x00007fb2cc77e000)]
  0x00007fb2e82b7800 JavaThread "pool-1-thread-27" [_thread_blocked, id=30971, stack(0x00007fb2cc77e000,0x00007fb2cc87f000)]
  0x00007fb29c045800 JavaThread "pool-1-thread-33" [_thread_blocked, id=30970, stack(0x00007fb2cc87f000,0x00007fb2cc980000)]
  0x00007fb29c043800 JavaThread "pool-1-thread-32" [_thread_blocked, id=30969, stack(0x00007fb2cc980000,0x00007fb2cca81000)]
  0x00007fb29c042000 JavaThread "pool-1-thread-31" [_thread_blocked, id=30968, stack(0x00007fb2cca81000,0x00007fb2ccb82000)]
  0x00007fb29c040000 JavaThread "pool-1-thread-30" [_thread_blocked, id=30967, stack(0x00007fb2ccb82000,0x00007fb2ccc83000)]
  0x00007fb29c03e800 JavaThread "pool-1-thread-29" [_thread_blocked, id=30966, stack(0x00007fb2ccc83000,0x00007fb2ccd84000)]
  0x00007fb29c03c800 JavaThread "pool-1-thread-28" [_thread_blocked, id=30965, stack(0x00007fb2ccd84000,0x00007fb2cce85000)]
  0x00007fb29c03b000 JavaThread "pool-1-thread-26" [_thread_blocked, id=30964, stack(0x00007fb2cce85000,0x00007fb2ccf86000)]
  0x00007fb29c039000 JavaThread "pool-1-thread-25" [_thread_blocked, id=30963, stack(0x00007fb2ccf86000,0x00007fb2cd087000)]
  0x00007fb29c037000 JavaThread "pool-1-thread-24" [_thread_blocked, id=30962, stack(0x00007fb2cd087000,0x00007fb2cd188000)]
  0x00007fb29c035800 JavaThread "pool-1-thread-23" [_thread_blocked, id=30961, stack(0x00007fb2cd188000,0x00007fb2cd289000)]
  0x00007fb29c033800 JavaThread "pool-1-thread-22" [_thread_blocked, id=30960, stack(0x00007fb2cd289000,0x00007fb2cd38a000)]
  0x00007fb29c031800 JavaThread "pool-1-thread-21" [_thread_blocked, id=30959, stack(0x00007fb2cd38a000,0x00007fb2cd48b000)]
  0x00007fb29c030000 JavaThread "pool-1-thread-20" [_thread_blocked, id=30958, stack(0x00007fb2cd48b000,0x00007fb2cd58c000)]
  0x00007fb29c02e000 JavaThread "pool-1-thread-19" [_thread_blocked, id=30951, stack(0x00007fb2cd58c000,0x00007fb2cd68d000)]
  0x00007fb29c02c800 JavaThread "pool-1-thread-18" [_thread_blocked, id=30943, stack(0x00007fb2cd68d000,0x00007fb2cd78e000)]
  0x00007fb298012000 JavaThread "pool-1-thread-17" [_thread_blocked, id=30940, stack(0x00007fb2cd78e000,0x00007fb2cd88f000)]
  0x00007fb29800f800 JavaThread "pool-1-thread-16" [_thread_blocked, id=30939, stack(0x00007fb2cd88f000,0x00007fb2cd990000)]
  0x00007fb29c029000 JavaThread "pool-1-thread-15" [_thread_blocked, id=30938, stack(0x00007fb2cd990000,0x00007fb2cda91000)]
  0x00007fb29c026800 JavaThread "pool-1-thread-14" [_thread_blocked, id=30935, stack(0x00007fb2cda91000,0x00007fb2cdb92000)]
  0x00007fb29c025000 JavaThread "pool-1-thread-13" [_thread_blocked, id=30934, stack(0x00007fb2cdb92000,0x00007fb2cdc93000)]
  0x00007fb29c023000 JavaThread "pool-1-thread-12" [_thread_blocked, id=30932, stack(0x00007fb2cdc93000,0x00007fb2cdd94000)]
  0x00007fb29800d000 JavaThread "pool-1-thread-11" [_thread_blocked, id=30931, stack(0x00007fb2cdd94000,0x00007fb2cde95000)]
  0x00007fb2901dc800 JavaThread "pool-1-thread-9" [_thread_blocked, id=30930, stack(0x00007fb2cde95000,0x00007fb2cdf96000)]
  0x00007fb29800b800 JavaThread "pool-1-thread-10" [_thread_blocked, id=30929, stack(0x00007fb2cdf96000,0x00007fb2ce097000)]
  0x00007fb298003000 JavaThread "pool-1-thread-8" [_thread_blocked, id=30928, stack(0x00007fb2ce097000,0x00007fb2ce198000)]
  0x00007fb29c021800 JavaThread "pool-1-thread-7" [_thread_blocked, id=30927, stack(0x00007fb2ce198000,0x00007fb2ce299000)]
  0x00007fb29c01c800 JavaThread "pool-1-thread-6" [_thread_blocked, id=30925, stack(0x00007fb2ce39a000,0x00007fb2ce49b000)]
  0x00007fb29c019800 JavaThread "pool-1-thread-5" [_thread_blocked, id=30924, stack(0x00007fb2ce49b000,0x00007fb2ce59c000)]
  0x00007fb29c012000 JavaThread "pool-1-thread-4" [_thread_blocked, id=30923, stack(0x00007fb2ce5c2000,0x00007fb2ce6c3000)]
  0x00007fb29c00a000 JavaThread "pool-1-thread-3" [_thread_blocked, id=30922, stack(0x00007fb2ce6c3000,0x00007fb2ce7c4000)]
  0x00007fb29c002000 JavaThread "pool-1-thread-2" [_thread_blocked, id=30921, stack(0x00007fb2ce7c4000,0x00007fb2ce8c5000)]
  0x00007fb29c003800 JavaThread "pool-1-thread-1" [_thread_blocked, id=30920, stack(0x00007fb2ce8c5000,0x00007fb2ce9c6000)]
  0x00007fb2e82b4000 JavaThread "Channel reader thread: channel" [_thread_in_native, id=30919, stack(0x00007fb2ce9c6000,0x00007fb2ceac7000)]
  0x00007fb2e82b1000 JavaThread "RemoteInvocationHandler [#1]" daemon [_thread_blocked, id=30918, stack(0x00007fb2ceac7000,0x00007fb2cebc8000)]
  0x00007fb2e80c2000 JavaThread "Service Thread" daemon [_thread_blocked, id=30897, stack(0x00007fb2cf0f1000,0x00007fb2cf1f2000)]
  0x00007fb2e80b7000 JavaThread "C1 CompilerThread1" daemon [_thread_blocked, id=30896, stack(0x00007fb2cf1f3000,0x00007fb2cf2f3000)]
  0x00007fb2e80b4000 JavaThread "C2 CompilerThread0" daemon [_thread_blocked, id=30895, stack(0x00007fb2cf2f4000,0x00007fb2cf3f4000)]
  0x00007fb2e80b2800 JavaThread "Signal Dispatcher" daemon [_thread_blocked, id=30894, stack(0x00007fb2cf3f4000,0x00007fb2cf4f5000)]
  0x00007fb2e807f800 JavaThread "Finalizer" daemon [_thread_blocked, id=30893, stack(0x00007fb2cf4f5000,0x00007fb2cf5f6000)]
  0x00007fb2e807b000 JavaThread "Reference Handler" daemon [_thread_blocked, id=30892, stack(0x00007fb2cf5f6000,0x00007fb2cf6f7000)]
  0x00007fb2e8009800 JavaThread "main" [_thread_blocked, id=30886, stack(0x00007fb2ef262000,0x00007fb2ef362000)]

Other Threads:
=>0x00007fb2e8073800 VMThread [stack: 0x00007fb2cf6f8000,0x00007fb2cf7f8000] [id=30891]
  0x00007fb2e80c7000 WatcherThread [stack: 0x00007fb2ceff1000,0x00007fb2cf0f1000] [id=30898]

VM state:at safepoint (normal execution)

VM Mutex/Monitor currently owned by a thread:  ([mutex/lock_event])
[0x00007fb2e8006c30] Threads_lock - owner thread: 0x00007fb2e8073800
[0x00007fb2e8007130] Heap_lock - owner thread: 0x00007fb2b0001000

Heap:
 PSYoungGen      total 258048K, used 8083K [0x00000000d7400000, 0x00000000e9180000, 0x0000000100000000)
  eden space 243712K, 0% used [0x00000000d7400000,0x00000000d7400000,0x00000000e6200000)
  from space 14336K, 56% used [0x00000000e8380000,0x00000000e8b64e60,0x00000000e9180000)
  to   space 10752K, 0% used [0x00000000e6200000,0x00000000e6200000,0x00000000e6c80000)
 ParOldGen       total 62464K, used 23303K [0x0000000085c00000, 0x0000000089900000, 0x00000000d7400000)
  object space 62464K, 37% used [0x0000000085c00000,0x00000000872c1d78,0x0000000089900000)
 Metaspace       used 34286K, capacity 35242K, committed 35416K, reserved 1081344K
  class space    used 4025K, capacity 4349K, committed 4352K, reserved 1048576K

Card table byte_map: [0x00007fb2ec242000,0x00007fb2ec615000] byte_map_base: 0x00007fb2ebe14000

Marking Bits: (ParMarkBitMap*) 0x00007fb2ee71d0a0
 Begin Bits: [0x00007fb2d5054000, 0x00007fb2d6ee4000)
 End Bits:   [0x00007fb2d6ee4000, 0x00007fb2d8d74000)

Polling page: 0x00007fb2ef36c000

CodeCache: size=245760Kb used=18658Kb max_used=18770Kb free=227101Kb
 bounds [0x00007fb2d9000000, 0x00007fb2da280000, 0x00007fb2e8000000]
 total_blobs=5901 nmethods=5433 adapters=381
 compilation: enabled

Compilation events (10 events):
Event: 17.234 Thread 0x00007fb2e80b4000 nmethod 6231 0x00007fb2d9a24a90 code [0x00007fb2d9a24cc0, 0x00007fb2d9a25de0]
Event: 17.234 Thread 0x00007fb2e80b4000 6230       4       org.codehaus.plexus.classworlds.realm.ClassRealm::getImportClassLoader (47 bytes)
Event: 17.247 Thread 0x00007fb2e80b7000 6238       3       java.net.URLClassLoader::isSealed (72 bytes)
Event: 17.247 Thread 0x00007fb2e80b7000 nmethod 6238 0x00007fb2d9761150 code [0x00007fb2d9761380, 0x00007fb2d9762098]
Event: 17.303 Thread 0x00007fb2e80b4000 nmethod 6230 0x00007fb2d9c0c5d0 code [0x00007fb2d9c0c820, 0x00007fb2d9c0dab0]
Event: 17.304 Thread 0x00007fb2e80b4000 6239  s!   4       sun.misc.URLClassPath::getLoader (243 bytes)
Event: 17.307 Thread 0x00007fb2e80b7000 6240       3       java.util.HashMap::put (13 bytes)
Event: 17.307 Thread 0x00007fb2e80b7000 nmethod 6240 0x00007fb2d9145a50 code [0x00007fb2d9145be0, 0x00007fb2d9145f98]
Event: 17.319 Thread 0x00007fb2e80b7000 6241       3       java.util.Stack::empty (13 bytes)
Event: 17.319 Thread 0x00007fb2e80b7000 nmethod 6241 0x00007fb2d9176310 code [0x00007fb2d9176480, 0x00007fb2d9176850]

GC Heap History (10 events):
Event: 6.284 GC heap after
Heap after GC invocations=6 (full 0):
 PSYoungGen      total 129024K, used 6112K [0x00000000d7400000, 0x00000000e0400000, 0x0000000100000000)
  eden space 122880K, 0% used [0x00000000d7400000,0x00000000d7400000,0x00000000dec00000)
  from space 6144K, 99% used [0x00000000df600000,0x00000000dfbf8050,0x00000000dfc00000)
  to   space 10240K, 0% used [0x00000000dec00000,0x00000000dec00000,0x00000000df600000)
 ParOldGen       total 84992K, used 7581K [0x0000000085c00000, 0x000000008af00000, 0x00000000d7400000)
  object space 84992K, 8% used [0x0000000085c00000,0x00000000863674f0,0x000000008af00000)
 Metaspace       used 18081K, capacity 18702K, committed 18944K, reserved 1064960K
  class space    used 2251K, capacity 2472K, committed 2560K, reserved 1048576K
}
Event: 6.723 GC heap before
{Heap before GC invocations=7 (full 0):
 PSYoungGen      total 129024K, used 33235K [0x00000000d7400000, 0x00000000e0400000, 0x0000000100000000)
  eden space 122880K, 22% used [0x00000000d7400000,0x00000000d8e7cc18,0x00000000dec00000)
  from space 6144K, 99% used [0x00000000df600000,0x00000000dfbf8050,0x00000000dfc00000)
  to   space 10240K, 0% used [0x00000000dec00000,0x00000000dec00000,0x00000000df600000)
 ParOldGen       total 84992K, used 7581K [0x0000000085c00000, 0x000000008af00000, 0x00000000d7400000)
  object space 84992K, 8% used [0x0000000085c00000,0x00000000863674f0,0x000000008af00000)
 Metaspace       used 20431K, capacity 21056K, committed 21248K, reserved 1067008K
  class space    used 2497K, capacity 2711K, committed 2816K, reserved 1048576K
Event: 6.745 GC heap after
Heap after GC invocations=7 (full 0):
 PSYoungGen      total 133120K, used 5497K [0x00000000d7400000, 0x00000000e7700000, 0x0000000100000000)
  eden space 122880K, 0% used [0x00000000d7400000,0x00000000d7400000,0x00000000dec00000)
  from space 10240K, 53% used [0x00000000dec00000,0x00000000df15e628,0x00000000df600000)
  to   space 9728K, 0% used [0x00000000e6d80000,0x00000000e6d80000,0x00000000e7700000)
 ParOldGen       total 84992K, used 10625K [0x0000000085c00000, 0x000000008af00000, 0x00000000d7400000)
  object space 84992K, 12% used [0x0000000085c00000,0x00000000866605b0,0x000000008af00000)
 Metaspace       used 20431K, capacity 21056K, committed 21248K, reserved 1067008K
  class space    used 2497K, capacity 2711K, committed 2816K, reserved 1048576K
}
Event: 6.745 GC heap before
{Heap before GC invocations=8 (full 1):
 PSYoungGen      total 133120K, used 5497K [0x00000000d7400000, 0x00000000e7700000, 0x0000000100000000)
  eden space 122880K, 0% used [0x00000000d7400000,0x00000000d7400000,0x00000000dec00000)
  from space 10240K, 53% used [0x00000000dec00000,0x00000000df15e628,0x00000000df600000)
  to   space 9728K, 0% used [0x00000000e6d80000,0x00000000e6d80000,0x00000000e7700000)
 ParOldGen       total 84992K, used 10625K [0x0000000085c00000, 0x000000008af00000, 0x00000000d7400000)
  object space 84992K, 12% used [0x0000000085c00000,0x00000000866605b0,0x000000008af00000)
 Metaspace       used 20431K, capacity 21056K, committed 21248K, reserved 1067008K
  class space    used 2497K, capacity 2711K, committed 2816K, reserved 1048576K
Event: 6.826 GC heap after
Heap after GC invocations=8 (full 1):
 PSYoungGen      total 133120K, used 0K [0x00000000d7400000, 0x00000000e7700000, 0x0000000100000000)
  eden space 122880K, 0% used [0x00000000d7400000,0x00000000d7400000,0x00000000dec00000)
  from space 10240K, 0% used [0x00000000dec00000,0x00000000dec00000,0x00000000df600000)
  to   space 9728K, 0% used [0x00000000e6d80000,0x00000000e6d80000,0x00000000e7700000)
 ParOldGen       total 62464K, used 14486K [0x0000000085c00000, 0x0000000089900000, 0x00000000d7400000)
  object space 62464K, 23% used [0x0000000085c00000,0x0000000086a25aa8,0x0000000089900000)
 Metaspace       used 20431K, capacity 21056K, committed 21248K, reserved 1067008K
  class space    used 2497K, capacity 2711K, committed 2816K, reserved 1048576K
}
Event: 10.765 GC heap before
{Heap before GC invocations=9 (full 1):
 PSYoungGen      total 133120K, used 122880K [0x00000000d7400000, 0x00000000e7700000, 0x0000000100000000)
  eden space 122880K, 100% used [0x00000000d7400000,0x00000000dec00000,0x00000000dec00000)
  from space 10240K, 0% used [0x00000000dec00000,0x00000000dec00000,0x00000000df600000)
  to   space 9728K, 0% used [0x00000000e6d80000,0x00000000e6d80000,0x00000000e7700000)
 ParOldGen       total 62464K, used 14486K [0x0000000085c00000, 0x0000000089900000, 0x00000000d7400000)
  object space 62464K, 23% used [0x0000000085c00000,0x0000000086a25aa8,0x0000000089900000)
 Metaspace       used 25835K, capacity 26676K, committed 27008K, reserved 1073152K
  class space    used 3085K, capacity 3351K, committed 3456K, reserved 1048576K
Event: 10.779 GC heap after
Heap after GC invocations=9 (full 1):
 PSYoungGen      total 206848K, used 9413K [0x00000000d7400000, 0x00000000e7700000, 0x0000000100000000)
  eden space 197120K, 0% used [0x00000000d7400000,0x00000000d7400000,0x00000000e3480000)
  from space 9728K, 96% used [0x00000000e6d80000,0x00000000e76b1440,0x00000000e7700000)
  to   space 10752K, 0% used [0x00000000e6200000,0x00000000e6200000,0x00000000e6c80000)
 ParOldGen       total 62464K, used 14494K [0x0000000085c00000, 0x0000000089900000, 0x00000000d7400000)
  object space 62464K, 23% used [0x0000000085c00000,0x0000000086a27aa8,0x0000000089900000)
 Metaspace       used 25835K, capacity 26676K, committed 27008K, reserved 1073152K
  class space    used 3085K, capacity 3351K, committed 3456K, reserved 1048576K
}
Event: 16.861 GC heap before
{Heap before GC invocations=10 (full 1):
 PSYoungGen      total 206848K, used 206533K [0x00000000d7400000, 0x00000000e7700000, 0x0000000100000000)
  eden space 197120K, 100% used [0x00000000d7400000,0x00000000e3480000,0x00000000e3480000)
  from space 9728K, 96% used [0x00000000e6d80000,0x00000000e76b1440,0x00000000e7700000)
  to   space 10752K, 0% used [0x00000000e6200000,0x00000000e6200000,0x00000000e6c80000)
 ParOldGen       total 62464K, used 14494K [0x0000000085c00000, 0x0000000089900000, 0x00000000d7400000)
  object space 62464K, 23% used [0x0000000085c00000,0x0000000086a27aa8,0x0000000089900000)
 Metaspace       used 32895K, capacity 33868K, committed 34176K, reserved 1079296K
  class space    used 3800K, capacity 4148K, committed 4224K, reserved 1048576K
Event: 16.906 GC heap after
Heap after GC invocations=10 (full 1):
 PSYoungGen      total 254464K, used 10748K [0x00000000d7400000, 0x00000000e9180000, 0x0000000100000000)
  eden space 243712K, 0% used [0x00000000d7400000,0x00000000d7400000,0x00000000e6200000)
  from space 10752K, 99% used [0x00000000e6200000,0x00000000e6c7f1e0,0x00000000e6c80000)
  to   space 14336K, 0% used [0x00000000e8380000,0x00000000e8380000,0x00000000e9180000)
 ParOldGen       total 62464K, used 19049K [0x0000000085c00000, 0x0000000089900000, 0x00000000d7400000)
  object space 62464K, 30% used [0x0000000085c00000,0x0000000086e9a408,0x0000000089900000)
 Metaspace       used 32895K, capacity 33868K, committed 34176K, reserved 1079296K
  class space    used 3800K, capacity 4148K, committed 4224K, reserved 1048576K
}
Event: 17.329 GC heap before
{Heap before GC invocations=11 (full 1):
 PSYoungGen      total 254464K, used 29337K [0x00000000d7400000, 0x00000000e9180000, 0x0000000100000000)
  eden space 243712K, 7% used [0x00000000d7400000,0x00000000d8627330,0x00000000e6200000)
  from space 10752K, 99% used [0x00000000e6200000,0x00000000e6c7f1e0,0x00000000e6c80000)
  to   space 14336K, 0% used [0x00000000e8380000,0x00000000e8380000,0x00000000e9180000)
 ParOldGen       total 62464K, used 19049K [0x0000000085c00000, 0x0000000089900000, 0x00000000d7400000)
  object space 62464K, 30% used [0x0000000085c00000,0x0000000086e9a408,0x0000000089900000)
 Metaspace       used 34286K, capacity 35242K, committed 35416K, reserved 1081344K
  class space    used 4025K, capacity 4349K, committed 4352K, reserved 1048576K

Deoptimization events (10 events):
Event: 16.130 Thread 0x00007fb2b0001000 Uncommon trap: reason=class_check action=maybe_recompile pc=0x00007fb2d9822fcc method=org.apache.maven.model.interpolation.StringSearchModelInterpolator$InterpolateObjectAction$MapField.doInterpolate(Ljava/lang/Object;Lorg/apache/maven/model/interpolation
Event: 16.344 Thread 0x00007fb2b0001000 Uncommon trap: reason=class_check action=maybe_recompile pc=0x00007fb2d9ba7fe0 method=java.util.regex.Pattern$7.isSatisfiedBy(I)Z @ 16
Event: 16.344 Thread 0x00007fb2b0001000 Uncommon trap: reason=class_check action=maybe_recompile pc=0x00007fb2d9ba7fe0 method=java.util.regex.Pattern$7.isSatisfiedBy(I)Z @ 16
Event: 16.344 Thread 0x00007fb2b0001000 Uncommon trap: reason=class_check action=maybe_recompile pc=0x00007fb2d9ba7ff4 method=java.util.regex.Pattern$CharProperty$1.isSatisfiedBy(I)Z @ 5
Event: 16.344 Thread 0x00007fb2b0001000 Uncommon trap: reason=class_check action=maybe_recompile pc=0x00007fb2d9ba7fe0 method=java.util.regex.Pattern$7.isSatisfiedBy(I)Z @ 16
Event: 16.344 Thread 0x00007fb2b0001000 Uncommon trap: reason=class_check action=maybe_recompile pc=0x00007fb2d9ba7fe0 method=java.util.regex.Pattern$7.isSatisfiedBy(I)Z @ 16
Event: 17.174 Thread 0x00007fb2b0001000 Uncommon trap: reason=unstable_if action=reinterpret pc=0x00007fb2d9e3c388 method=org.codehaus.plexus.classworlds.realm.Entry.matches(Ljava/lang/String;)Z @ 20
Event: 17.252 Thread 0x00007fb2b0001000 Uncommon trap: reason=unstable_if action=reinterpret pc=0x00007fb2d967f230 method=java.util.HashMap.hash(Ljava/lang/Object;)I @ 1
Event: 17.318 Thread 0x00007fb2b0001000 Uncommon trap: reason=predicate action=maybe_recompile pc=0x00007fb2d9c80da4 method=java.util.TreeMap.put(Ljava/lang/Object;Ljava/lang/Object;)Ljava/lang/Object; @ 132
Event: 17.328 Thread 0x00007fb2b0001000 Uncommon trap: reason=predicate action=maybe_recompile pc=0x00007fb2d979066c method=java.lang.String.regionMatches(ZILjava/lang/String;II)Z @ 63

Classes redefined (0 events):
No events

Internal exceptions (10 events):
Event: 16.672 Thread 0x00007fb2b0001000 Exception <a 'java/lang/NullPointerException'> (0x00000000e2606300) thrown at [/HUDSON/workspace/8-2-build-linux-amd64/jdk8u181/11358/hotspot/src/share/vm/runtime/sharedRuntime.cpp, line 605]
Event: 16.672 Thread 0x00007fb2b0001000 Implicit null exception at 0x00007fb2d9acffc1 to 0x00007fb2d9ad3470
Event: 16.672 Thread 0x00007fb2b0001000 Exception <a 'java/lang/NullPointerException'> (0x00000000e2606700) thrown at [/HUDSON/workspace/8-2-build-linux-amd64/jdk8u181/11358/hotspot/src/share/vm/runtime/sharedRuntime.cpp, line 605]
Event: 16.672 Thread 0x00007fb2b0001000 Implicit null exception at 0x00007fb2d9acffc1 to 0x00007fb2d9ad3470
Event: 16.672 Thread 0x00007fb2b0001000 Exception <a 'java/lang/NullPointerException'> (0x00000000e2607180) thrown at [/HUDSON/workspace/8-2-build-linux-amd64/jdk8u181/11358/hotspot/src/share/vm/runtime/sharedRuntime.cpp, line 605]
Event: 16.672 Thread 0x00007fb2b0001000 Implicit null exception at 0x00007fb2d9acffc1 to 0x00007fb2d9ad3470
Event: 16.672 Thread 0x00007fb2b0001000 Exception <a 'java/lang/NullPointerException'> (0x00000000e2607580) thrown at [/HUDSON/workspace/8-2-build-linux-amd64/jdk8u181/11358/hotspot/src/share/vm/runtime/sharedRuntime.cpp, line 605]
Event: 16.672 Thread 0x00007fb2b0001000 Implicit null exception at 0x00007fb2d9acffc1 to 0x00007fb2d9ad3470
Event: 16.672 Thread 0x00007fb2b0001000 Exception <a 'java/lang/NullPointerException'> (0x00000000e2607980) thrown at [/HUDSON/workspace/8-2-build-linux-amd64/jdk8u181/11358/hotspot/src/share/vm/runtime/sharedRuntime.cpp, line 605]
Event: 17.252 Thread 0x00007fb2b0001000 Implicit null exception at 0x00007fb2d967ebfb to 0x00007fb2d967f21d

Events (10 events):
Event: 17.328 loading class sun/util/calendar/JulianCalendar$Date done
Event: 17.328 loading class com/thoughtworks/xstream/core/util/ThreadSafeSimpleDateFormat
Event: 17.328 loading class com/thoughtworks/xstream/core/util/ThreadSafeSimpleDateFormat done
Event: 17.328 loading class com/thoughtworks/xstream/core/util/ThreadSafeSimpleDateFormat
Event: 17.328 loading class com/thoughtworks/xstream/core/util/ThreadSafeSimpleDateFormat done
Event: 17.329 loading class com/thoughtworks/xstream/core/util/Pool$Factory
Event: 17.329 loading class com/thoughtworks/xstream/core/util/Pool$Factory done
Event: 17.329 loading class com/thoughtworks/xstream/core/util/Pool$Factory
Event: 17.329 loading class com/thoughtworks/xstream/core/util/Pool$Factory done
Event: 17.329 Executing VM operation: CollectForMetadataAllocation


Dynamic libraries:
00400000-00401000 r-xp 00000000 ca:02 9602408                            /usr/java/jdk1.8.0_181-amd64/jre/bin/java
00600000-00601000 rw-p 00000000 ca:02 9602408                            /usr/java/jdk1.8.0_181-amd64/jre/bin/java
01449000-0146a000 rw-p 00000000 00:00 0                                  [heap]
85c00000-89900000 rw-p 00000000 00:00 0 
89900000-d7400000 ---p 00000000 00:00 0 
d7400000-e9180000 rw-p 00000000 00:00 0 
eda80000-100000000 ---p 00000000 00:00 0 
100000000-100440000 rw-p 00000000 00:00 0 
100440000-140000000 ---p 00000000 00:00 0 
7fb28a089000-7fb28a0df000 rw-p 00000000 00:00 0 
7fb28a0df000-7fb28a289000 ---p 00000000 00:00 0 
7fb28a289000-7fb28a489000 rw-p 00000000 00:00 0 
7fb28a489000-7fb28a689000 rw-p 00000000 00:00 0 
7fb28a689000-7fb28a889000 rw-p 00000000 00:00 0 
7fb28a889000-7fb28a88c000 ---p 00000000 00:00 0 
7fb28a88c000-7fb28a98a000 rw-p 00000000 00:00 0 
7fb28a98a000-7fb28a98d000 ---p 00000000 00:00 0 
7fb28a98d000-7fb28aa8b000 rw-p 00000000 00:00 0 
7fb28aa8b000-7fb28aa8e000 ---p 00000000 00:00 0 
7fb28aa8e000-7fb28ab8c000 rw-p 00000000 00:00 0 
7fb28ab8c000-7fb28ab8f000 ---p 00000000 00:00 0 
7fb28ab8f000-7fb28ac8d000 rw-p 00000000 00:00 0 
7fb28ac8d000-7fb28ac90000 ---p 00000000 00:00 0 
7fb28ac90000-7fb28ad8e000 rw-p 00000000 00:00 0 
7fb28ad8e000-7fb28ad91000 ---p 00000000 00:00 0 
7fb28ad91000-7fb28ae8f000 rw-p 00000000 00:00 0 
7fb28ae8f000-7fb28ae92000 ---p 00000000 00:00 0 
7fb28ae92000-7fb28af90000 rw-p 00000000 00:00 0 
7fb28af90000-7fb28af93000 ---p 00000000 00:00 0 
7fb28af93000-7fb28b091000 rw-p 00000000 00:00 0 
7fb28b091000-7fb28b094000 ---p 00000000 00:00 0 
7fb28b094000-7fb28b192000 rw-p 00000000 00:00 0 
7fb28b192000-7fb28b195000 ---p 00000000 00:00 0 
7fb28b195000-7fb28b293000 rw-p 00000000 00:00 0 
7fb28b293000-7fb28b296000 ---p 00000000 00:00 0 
7fb28b296000-7fb28b394000 rw-p 00000000 00:00 0 
7fb28b394000-7fb28b397000 ---p 00000000 00:00 0 
7fb28b397000-7fb28b495000 rw-p 00000000 00:00 0 
7fb28b495000-7fb28b498000 ---p 00000000 00:00 0 
7fb28b498000-7fb28b596000 rw-p 00000000 00:00 0 
7fb28b596000-7fb28b599000 ---p 00000000 00:00 0 
7fb28b599000-7fb28b697000 rw-p 00000000 00:00 0 
7fb28b697000-7fb28b69a000 ---p 00000000 00:00 0 
7fb28b69a000-7fb28b798000 rw-p 00000000 00:00 0 
7fb28b798000-7fb28b79b000 ---p 00000000 00:00 0 
7fb28b79b000-7fb28b899000 rw-p 00000000 00:00 0 
7fb28b899000-7fb28b89c000 ---p 00000000 00:00 0 
7fb28b89c000-7fb28b99a000 rw-p 00000000 00:00 0 
7fb28b99a000-7fb28b99d000 ---p 00000000 00:00 0 
7fb28b99d000-7fb28ba9b000 rw-p 00000000 00:00 0 
7fb28ba9b000-7fb28ba9e000 ---p 00000000 00:00 0 
7fb28ba9e000-7fb28bb9c000 rw-p 00000000 00:00 0 
7fb28bb9c000-7fb28bb9f000 ---p 00000000 00:00 0 
7fb28bb9f000-7fb28bc9d000 rw-p 00000000 00:00 0 
7fb28bc9d000-7fb28bca0000 ---p 00000000 00:00 0 
7fb28bca0000-7fb28bd9e000 rw-p 00000000 00:00 0 
7fb28bd9e000-7fb28bda1000 ---p 00000000 00:00 0 
7fb28bda1000-7fb28be9f000 rw-p 00000000 00:00 0 
7fb28be9f000-7fb28bea2000 ---p 00000000 00:00 0 
7fb28bea2000-7fb28bfa0000 rw-p 00000000 00:00 0 
7fb28bfa0000-7fb28bfa3000 ---p 00000000 00:00 0 
7fb28bfa3000-7fb28c0a1000 rw-p 00000000 00:00 0 
7fb28c0a1000-7fb28c0a4000 ---p 00000000 00:00 0 
7fb28c0a4000-7fb28c3a2000 rw-p 00000000 00:00 0 
7fb28c3a2000-7fb28c5a2000 rw-p 00000000 00:00 0 
7fb28c5a2000-7fb28c5b8000 r-xp 00000000 ca:02 50820                      /usr/lib64/libresolv-2.17.so
7fb28c5b8000-7fb28c7b7000 ---p 00016000 ca:02 50820                      /usr/lib64/libresolv-2.17.so
7fb28c7b7000-7fb28c7b8000 r--p 00015000 ca:02 50820                      /usr/lib64/libresolv-2.17.so
7fb28c7b8000-7fb28c7b9000 rw-p 00016000 ca:02 50820                      /usr/lib64/libresolv-2.17.so
7fb28c7b9000-7fb28c7bb000 rw-p 00000000 00:00 0 
7fb28c7bb000-7fb28c7c0000 r-xp 00000000 ca:02 50808                      /usr/lib64/libnss_dns-2.17.so
7fb28c7c0000-7fb28c9c0000 ---p 00005000 ca:02 50808                      /usr/lib64/libnss_dns-2.17.so
7fb28c9c0000-7fb28c9c1000 r--p 00005000 ca:02 50808                      /usr/lib64/libnss_dns-2.17.so
7fb28c9c1000-7fb28c9c2000 rw-p 00006000 ca:02 50808                      /usr/lib64/libnss_dns-2.17.so
7fb28c9c2000-7fb28c9c5000 ---p 00000000 00:00 0 
7fb28c9c5000-7fb28ccc3000 rw-p 00000000 00:00 0 
7fb28ccc3000-7fb28ccd8000 r-xp 00000000 ca:02 588551                     /usr/lib64/libgcc_s-4.8.5-20150702.so.1
7fb28ccd8000-7fb28ced7000 ---p 00015000 ca:02 588551                     /usr/lib64/libgcc_s-4.8.5-20150702.so.1
7fb28ced7000-7fb28ced8000 r--p 00014000 ca:02 588551                     /usr/lib64/libgcc_s-4.8.5-20150702.so.1
7fb28ced8000-7fb28ced9000 rw-p 00015000 ca:02 588551                     /usr/lib64/libgcc_s-4.8.5-20150702.so.1
7fb28ced9000-7fb28cf0b000 r-xp 00000000 ca:02 17283827                   /usr/java/jdk1.8.0_181-amd64/jre/lib/amd64/libsunec.so
7fb28cf0b000-7fb28d10a000 ---p 00032000 ca:02 17283827                   /usr/java/jdk1.8.0_181-amd64/jre/lib/amd64/libsunec.so
7fb28d10a000-7fb28d110000 rw-p 00031000 ca:02 17283827                   /usr/java/jdk1.8.0_181-amd64/jre/lib/amd64/libsunec.so
7fb28d110000-7fb28d120000 rw-p 00000000 00:00 0 
7fb28d120000-7fb28d123000 ---p 00000000 00:00 0 
7fb28d123000-7fb28d221000 rw-p 00000000 00:00 0 
7fb28d221000-7fb28d224000 ---p 00000000 00:00 0 
7fb28d224000-7fb28d322000 rw-p 00000000 00:00 0 
7fb28d322000-7fb28d325000 ---p 00000000 00:00 0 
7fb28d325000-7fb28d623000 rw-p 00000000 00:00 0 
7fb28d623000-7fb28d823000 rw-p 00000000 00:00 0 
7fb28d823000-7fb28da23000 rw-p 00000000 00:00 0 
7fb28da23000-7fb28da26000 ---p 00000000 00:00 0 
7fb28da26000-7fb28dd24000 rw-p 00000000 00:00 0 
7fb28dd24000-7fb28dd2b000 r-xp 00000000 ca:02 17283299                   /usr/java/jdk1.8.0_181-amd64/jre/lib/amd64/libawt_headless.so
7fb28dd2b000-7fb28df2a000 ---p 00007000 ca:02 17283299                   /usr/java/jdk1.8.0_181-amd64/jre/lib/amd64/libawt_headless.so
7fb28df2a000-7fb28df2b000 rw-p 00006000 ca:02 17283299                   /usr/java/jdk1.8.0_181-amd64/jre/lib/amd64/libawt_headless.so
7fb28df2b000-7fb28dfcd000 r-xp 00000000 ca:02 17283298                   /usr/java/jdk1.8.0_181-amd64/jre/lib/amd64/libawt.so
7fb28dfcd000-7fb28e1cd000 ---p 000a2000 ca:02 17283298                   /usr/java/jdk1.8.0_181-amd64/jre/lib/amd64/libawt.so
7fb28e1cd000-7fb28e1d9000 rw-p 000a2000 ca:02 17283298                   /usr/java/jdk1.8.0_181-amd64/jre/lib/amd64/libawt.so
7fb28e1d9000-7fb28e3fd000 rw-p 00000000 00:00 0 
7fb28e3fd000-7fb28e50b000 r--s 00996000 ca:02 13032813                   /root/.jenkins/cache/jars/53/5DFEBB8468A34998BFA373DF5A5DBE.jar
7fb28e59c000-7fb28e59d000 rw-p 00000000 00:00 0 
7fb28e59d000-7fb28e59e000 r--s 00002000 ca:02 21167921                   /root/.m2/repository/org/apache/maven/shared/maven-mapping/1.0/maven-mapping-1.0.jar
7fb28e59e000-7fb28e5a0000 r--s 0000b000 ca:02 2994018                    /root/.m2/repository/org/apache/maven/shared/maven-filtering/1.3/maven-filtering-1.3.jar
7fb28e5a0000-7fb28e5a4000 r--s 00038000 ca:02 25265341                   /root/.m2/repository/org/codehaus/plexus/plexus-utils/3.0.20/plexus-utils-3.0.20.jar
7fb28e5a4000-7fb28e5a6000 r--s 00005000 ca:02 25265339                   /root/.m2/repository/xpp3/xpp3_min/1.1.4c/xpp3_min-1.1.4c.jar
7fb28e5a6000-7fb28e5a7000 r--s 00001000 ca:02 13046511                   /root/.m2/repository/xmlpull/xmlpull/1.1.3.1/xmlpull-1.1.3.1.jar
7fb28e5a7000-7fb28e5b4000 r--s 0006a000 ca:02 13046508                   /root/.m2/repository/com/thoughtworks/xstream/xstream/1.4.4/xstream-1.4.4.jar
7fb28e5b4000-7fb28e5b7000 r--s 0000d000 ca:02 25265334                   /root/.m2/repository/org/codehaus/plexus/plexus-interpolation/1.21/plexus-interpolation-1.21.jar
7fb28e5b7000-7fb28e5be000 r--s 00056000 ca:02 16880767                   /root/.m2/repository/org/apache/commons/commons-compress/1.9/commons-compress-1.9.jar
7fb28e5be000-7fb28e5c2000 r--s 00020000 ca:02 21167919                   /root/.m2/repository/org/codehaus/plexus/plexus-archiver/2.9/plexus-archiver-2.9.jar
7fb28e5c2000-7fb28e5c6000 r--s 00027000 ca:02 13046507                   /root/.m2/repository/commons-io/commons-io/2.2/commons-io-2.2.jar
7fb28e5c6000-7fb28e5ca000 r--s 00011000 ca:02 2994016                    /root/.m2/repository/org/codehaus/plexus/plexus-io/2.4.1/plexus-io-2.4.1.jar
7fb28e5ca000-7fb28e5cb000 r--s 00005000 ca:02 9647919                    /root/.m2/repository/org/apache/maven/maven-archiver/2.6/maven-archiver-2.6.jar
7fb28e5cb000-7fb28e5cd000 r--s 00009000 ca:02 25265335                   /root/.m2/repository/commons-cli/commons-cli/1.2/commons-cli-1.2.jar
7fb28e5cd000-7fb28e5ce000 r--s 00002000 ca:02 25265333                   /root/.m2/repository/org/apache/maven/doxia/doxia-logging-api/1.1/doxia-logging-api-1.1.jar
7fb28e5ce000-7fb28e5d0000 r--s 00002000 ca:02 13046504                   /root/.m2/repository/org/apache/maven/doxia/doxia-sink-api/1.1/doxia-sink-api-1.1.jar
7fb28e5d0000-7fb28e5d1000 r--s 00002000 ca:02 5404167                    /root/.m2/repository/org/apache/maven/reporting/maven-reporting-api/2.2.1/maven-reporting-api-2.2.1.jar
7fb28e5d1000-7fb28e5d3000 r--s 00014000 ca:02 5402239                    /root/.m2/repository/org/apache/maven/plugins/maven-war-plugin/2.6/maven-war-plugin-2.6.jar
7fb28e5d3000-7fb28e5d5000 r--s 00002000 ca:02 21165880                   /root/.m2/repository/org/apache/maven/plugin-tools/maven-plugin-annotations/3.1/maven-plugin-annotations-3.1.jar
7fb28e5d5000-7fb28e5d9000 r--s 00035000 ca:02 9644571                    /root/.m2/repository/org/codehaus/plexus/plexus-utils/3.0.8/plexus-utils-3.0.8.jar
7fb28e5d9000-7fb28e5db000 r--s 00006000 ca:02 13046480                   /root/.m2/repository/org/apache/maven/shared/maven-common-artifact-filters/1.3/maven-common-artifact-filters-1.3.jar
7fb28e5db000-7fb28e5e1000 r--s 00048000 ca:02 25263482                   /root/.m2/repository/org/apache/commons/commons-lang3/3.1/commons-lang3-3.1.jar
7fb28e5e1000-7fb28e5e6000 r--s 0003c000 ca:02 9644568                    /root/.m2/repository/org/apache/maven/surefire/maven-surefire-common/2.12.4/maven-surefire-common-2.12.4.jar
7fb28e5e6000-7fb28e5e9000 ---p 00000000 00:00 0 
7fb28e5e9000-7fb28e6e7000 rw-p 00000000 00:00 0 
7fb28e6e7000-7fb28e6ea000 ---p 00000000 00:00 0 
7fb28e6ea000-7fb28e7e8000 rw-p 00000000 00:00 0 
7fb28e7e8000-7fb28e7eb000 ---p 00000000 00:00 0 
7fb28e7eb000-7fb28e8e9000 rw-p 00000000 00:00 0 
7fb28e8e9000-7fb28e8ec000 ---p 00000000 00:00 0 
7fb28e8ec000-7fb28e9ea000 rw-p 00000000 00:00 0 
7fb28e9ea000-7fb28e9ed000 ---p 00000000 00:00 0 
7fb28e9ed000-7fb28eaeb000 rw-p 00000000 00:00 0 
7fb28eaeb000-7fb28eaee000 ---p 00000000 00:00 0 
7fb28eaee000-7fb28ebec000 rw-p 00000000 00:00 0 
7fb28ebec000-7fb28ebef000 ---p 00000000 00:00 0 
7fb28ebef000-7fb28eced000 rw-p 00000000 00:00 0 
7fb28eced000-7fb28ecf0000 ---p 00000000 00:00 0 
7fb28ecf0000-7fb28edee000 rw-p 00000000 00:00 0 
7fb28edee000-7fb28edf1000 ---p 00000000 00:00 0 
7fb28edf1000-7fb28eeef000 rw-p 00000000 00:00 0 
7fb28eeef000-7fb28eef2000 ---p 00000000 00:00 0 
7fb28eef2000-7fb28eff0000 rw-p 00000000 00:00 0 
7fb28eff0000-7fb28eff3000 ---p 00000000 00:00 0 
7fb28eff3000-7fb28f0f1000 rw-p 00000000 00:00 0 
7fb28f0f1000-7fb28f0f4000 ---p 00000000 00:00 0 
7fb28f0f4000-7fb28f1f2000 rw-p 00000000 00:00 0 
7fb28f1f2000-7fb28f1f5000 ---p 00000000 00:00 0 
7fb28f1f5000-7fb28f2f3000 rw-p 00000000 00:00 0 
7fb28f2f3000-7fb28f2f6000 ---p 00000000 00:00 0 
7fb28f2f6000-7fb28f3f4000 rw-p 00000000 00:00 0 
7fb28f3f4000-7fb28f3f7000 ---p 00000000 00:00 0 
7fb28f3f7000-7fb28f4f5000 rw-p 00000000 00:00 0 
7fb28f4f5000-7fb28f4f8000 ---p 00000000 00:00 0 
7fb28f4f8000-7fb28f5f6000 rw-p 00000000 00:00 0 
7fb28f5f6000-7fb28f5f9000 ---p 00000000 00:00 0 
7fb28f5f9000-7fb28f6f7000 rw-p 00000000 00:00 0 
7fb28f6f7000-7fb28f6fa000 ---p 00000000 00:00 0 
7fb28f6fa000-7fb28f7f8000 rw-p 00000000 00:00 0 
7fb28f7f8000-7fb28f7fb000 ---p 00000000 00:00 0 
7fb28f7fb000-7fb28f8f9000 rw-p 00000000 00:00 0 
7fb28f8f9000-7fb28f8fc000 ---p 00000000 00:00 0 
7fb28f8fc000-7fb28f9fa000 rw-p 00000000 00:00 0 
7fb28f9fa000-7fb28f9fd000 ---p 00000000 00:00 0 
7fb28f9fd000-7fb28fafb000 rw-p 00000000 00:00 0 
7fb28fafb000-7fb28fafe000 ---p 00000000 00:00 0 
7fb28fafe000-7fb28fbfc000 rw-p 00000000 00:00 0 
7fb28fbfc000-7fb28fbff000 ---p 00000000 00:00 0 
7fb28fbff000-7fb28fcfd000 rw-p 00000000 00:00 0 
7fb28fcfd000-7fb28fd00000 ---p 00000000 00:00 0 
7fb28fd00000-7fb28fdfe000 rw-p 00000000 00:00 0 
7fb28fdfe000-7fb28fe01000 ---p 00000000 00:00 0 
7fb28fe01000-7fb28feff000 rw-p 00000000 00:00 0 
7fb28feff000-7fb28ff02000 ---p 00000000 00:00 0 
7fb28ff02000-7fb290000000 rw-p 00000000 00:00 0 
7fb290000000-7fb2901e9000 rw-p 00000000 00:00 0 
7fb2901e9000-7fb294000000 ---p 00000000 00:00 0 
7fb294000000-7fb294021000 rw-p 00000000 00:00 0 
7fb294021000-7fb298000000 ---p 00000000 00:00 0 
7fb298000000-7fb298b92000 rw-p 00000000 00:00 0 
7fb298b92000-7fb29c000000 ---p 00000000 00:00 0 
7fb29c000000-7fb29c2f5000 rw-p 00000000 00:00 0 
7fb29c2f5000-7fb2a0000000 ---p 00000000 00:00 0 
7fb2a0000000-7fb2a0021000 rw-p 00000000 00:00 0 
7fb2a0021000-7fb2a4000000 ---p 00000000 00:00 0 
7fb2a4000000-7fb2a4021000 rw-p 00000000 00:00 0 
7fb2a4021000-7fb2a8000000 ---p 00000000 00:00 0 
7fb2a8000000-7fb2aa05e000 rw-p 00000000 00:00 0 
7fb2aa05e000-7fb2ac000000 ---p 00000000 00:00 0 
7fb2ac000000-7fb2acceb000 rw-p 00000000 00:00 0 
7fb2acceb000-7fb2b0000000 ---p 00000000 00:00 0 
7fb2b0000000-7fb2b0021000 rw-p 00000000 00:00 0 
7fb2b0021000-7fb2b4000000 ---p 00000000 00:00 0 
7fb2b4000000-7fb2b4001000 r--s 00002000 ca:02 25263484                   /root/.m2/repository/org/apache/maven/reporting/maven-reporting-api/2.0.9/maven-reporting-api-2.0.9.jar
7fb2b4001000-7fb2b4005000 r--s 00019000 ca:02 2993994                    /root/.m2/repository/org/apache/maven/surefire/surefire-api/2.12.4/surefire-api-2.12.4.jar
7fb2b4005000-7fb2b4007000 r--s 00007000 ca:02 21165874                   /root/.m2/repository/org/apache/maven/surefire/surefire-booter/2.12.4/surefire-booter-2.12.4.jar
7fb2b4007000-7fb2b4008000 r--s 00007000 ca:02 13032826                   /root/.m2/repository/org/apache/maven/plugins/maven-surefire-plugin/2.12.4/maven-surefire-plugin-2.12.4.jar
7fb2b4008000-7fb2b400e000 r--s 00040000 ca:02 772720                     /root/.jenkins/cache/jars/CA/6FBC12EEB6347F4A390FBDC1809C15.jar
7fb2b400e000-7fb2b4087000 r--s 010eb000 ca:02 25973500                   /usr/java/jdk1.8.0_181-amd64/lib/tools.jar
7fb2b4087000-7fb2b408a000 r--s 0001b000 ca:02 16880726                   /root/.m2/repository/junit/junit/3.8.2/junit-3.8.2.jar
7fb2b408a000-7fb2b4098000 r--s 0008f000 ca:02 5400925                    /root/.m2/repository/com/google/collections/google-collections/1.0/google-collections-1.0.jar
7fb2b4098000-7fb2b4099000 r--s 0000a000 ca:02 21165850                   /root/.m2/repository/commons-logging/commons-logging-api/1.1/commons-logging-api-1.1.jar
7fb2b4099000-7fb2b40a0000 r--s 00051000 ca:02 9644544                    /root/.m2/repository/log4j/log4j/1.2.12/log4j-1.2.12.jar
7fb2b40a0000-7fb2b40a4000 r--s 0001d000 ca:02 16880725                   /root/.m2/repository/org/apache/xbean/xbean-reflect/3.4/xbean-reflect-3.4.jar
7fb2b40a4000-7fb2b40a5000 r--s 00004000 ca:02 16880722                   /root/.m2/repository/org/codehaus/plexus/plexus-compiler-javac/2.5/plexus-compiler-javac-2.5.jar
7fb2b40a5000-7fb2b40a7000 r--s 00000000 ca:02 9644545                    /root/.m2/repository/org/codehaus/plexus/plexus-compiler-manager/2.5/plexus-compiler-manager-2.5.jar
7fb2b40a7000-7fb2b40a9000 r--s 00005000 ca:02 25263461                   /root/.m2/repository/org/codehaus/plexus/plexus-compiler-api/2.5/plexus-compiler-api-2.5.jar
7fb2b40a9000-7fb2b40ab000 r--s 00000000 ca:02 9644542                    /root/.m2/repository/org/codehaus/plexus/plexus-component-annotations/1.5.5/plexus-component-annotations-1.5.5.jar
7fb2b40ab000-7fb2b40ad000 r--s 00002000 ca:02 9644539                    /root/.m2/repository/org/apache/maven/shared/maven-shared-incremental/1.1/maven-shared-incremental-1.1.jar
7fb2b40ad000-7fb2b40af000 r--s 00006000 ca:02 772716                     /root/.m2/repository/com/google/code/findbugs/jsr305/2.0.1/jsr305-2.0.1.jar
7fb2b40af000-7fb2b40b3000 r--s 00026000 ca:02 21165843                   /root/.m2/repository/org/apache/maven/shared/maven-shared-utils/0.7/maven-shared-utils-0.7.jar
7fb2b40b3000-7fb2b40b5000 r--s 00002000 ca:02 21165846                   /root/.m2/repository/org/sonatype/plexus/plexus-cipher/1.4/plexus-cipher-1.4.jar
7fb2b40b5000-7fb2b40bd000 r--s 00049000 ca:02 9644537                    /root/.m2/repository/backport-util-concurrent/backport-util-concurrent/3.1/backport-util-concurrent-3.1.jar
7fb2b40bd000-7fb2b40c0000 ---p 00000000 00:00 0 
7fb2b40c0000-7fb2b41be000 rw-p 00000000 00:00 0 
7fb2b41be000-7fb2b41c1000 ---p 00000000 00:00 0 
7fb2b41c1000-7fb2b42bf000 rw-p 00000000 00:00 0 
7fb2b42bf000-7fb2b42c2000 ---p 00000000 00:00 0 
7fb2b42c2000-7fb2b43c0000 rw-p 00000000 00:00 0 
7fb2b43c0000-7fb2b43c3000 ---p 00000000 00:00 0 
7fb2b43c3000-7fb2b44c1000 rw-p 00000000 00:00 0 
7fb2b44c1000-7fb2b44c4000 ---p 00000000 00:00 0 
7fb2b44c4000-7fb2b45c2000 rw-p 00000000 00:00 0 
7fb2b45c2000-7fb2b45c5000 ---p 00000000 00:00 0 
7fb2b45c5000-7fb2b46c3000 rw-p 00000000 00:00 0 
7fb2b46c3000-7fb2b46c6000 ---p 00000000 00:00 0 
7fb2b46c6000-7fb2b47c4000 rw-p 00000000 00:00 0 
7fb2b47c4000-7fb2b47c7000 ---p 00000000 00:00 0 
7fb2b47c7000-7fb2b48c5000 rw-p 00000000 00:00 0 
7fb2b48c5000-7fb2b48c8000 ---p 00000000 00:00 0 
7fb2b48c8000-7fb2b49c6000 rw-p 00000000 00:00 0 
7fb2b49c6000-7fb2b49c9000 ---p 00000000 00:00 0 
7fb2b49c9000-7fb2b4ac7000 rw-p 00000000 00:00 0 
7fb2b4ac7000-7fb2b4aca000 ---p 00000000 00:00 0 
7fb2b4aca000-7fb2b4bc8000 rw-p 00000000 00:00 0 
7fb2b4bc8000-7fb2b4bcb000 ---p 00000000 00:00 0 
7fb2b4bcb000-7fb2b4cc9000 rw-p 00000000 00:00 0 
7fb2b4cc9000-7fb2b4ccc000 ---p 00000000 00:00 0 
7fb2b4ccc000-7fb2b4dca000 rw-p 00000000 00:00 0 
7fb2b4dca000-7fb2b4dcd000 ---p 00000000 00:00 0 
7fb2b4dcd000-7fb2b4ecb000 rw-p 00000000 00:00 0 
7fb2b4ecb000-7fb2b4ece000 ---p 00000000 00:00 0 
7fb2b4ece000-7fb2b4fcc000 rw-p 00000000 00:00 0 
7fb2b4fcc000-7fb2b4fcf000 ---p 00000000 00:00 0 
7fb2b4fcf000-7fb2b50cd000 rw-p 00000000 00:00 0 
7fb2b50cd000-7fb2b50d0000 ---p 00000000 00:00 0 
7fb2b50d0000-7fb2b51ce000 rw-p 00000000 00:00 0 
7fb2b51ce000-7fb2b51d1000 ---p 00000000 00:00 0 
7fb2b51d1000-7fb2b52cf000 rw-p 00000000 00:00 0 
7fb2b52cf000-7fb2b52d2000 ---p 00000000 00:00 0 
7fb2b52d2000-7fb2b53d0000 rw-p 00000000 00:00 0 
7fb2b53d0000-7fb2b53d3000 ---p 00000000 00:00 0 
7fb2b53d3000-7fb2b54d1000 rw-p 00000000 00:00 0 
7fb2b54d1000-7fb2b54d4000 ---p 00000000 00:00 0 
7fb2b54d4000-7fb2b55d2000 rw-p 00000000 00:00 0 
7fb2b55d2000-7fb2b55d5000 ---p 00000000 00:00 0 
7fb2b55d5000-7fb2b56d3000 rw-p 00000000 00:00 0 
7fb2b56d3000-7fb2b56d6000 ---p 00000000 00:00 0 
7fb2b56d6000-7fb2b57d4000 rw-p 00000000 00:00 0 
7fb2b57d4000-7fb2b57d7000 ---p 00000000 00:00 0 
7fb2b57d7000-7fb2b58d5000 rw-p 00000000 00:00 0 
7fb2b58d5000-7fb2b58d8000 ---p 00000000 00:00 0 
7fb2b58d8000-7fb2b59d6000 rw-p 00000000 00:00 0 
7fb2b59d6000-7fb2b59d9000 ---p 00000000 00:00 0 
7fb2b59d9000-7fb2b5ad7000 rw-p 00000000 00:00 0 
7fb2b5ad7000-7fb2bc000000 r--p 00000000 ca:02 8422996                    /usr/lib/locale/locale-archive
7fb2bc000000-7fb2bc021000 rw-p 00000000 00:00 0 
7fb2bc021000-7fb2c0000000 ---p 00000000 00:00 0 
7fb2c0000000-7fb2c0021000 rw-p 00000000 00:00 0 
7fb2c0021000-7fb2c4000000 ---p 00000000 00:00 0 
7fb2c4000000-7fb2c430b000 rw-p 00000000 00:00 0 
7fb2c430b000-7fb2c8000000 ---p 00000000 00:00 0 
7fb2c8000000-7fb2c8027000 rw-p 00000000 00:00 0 
7fb2c8027000-7fb2cc000000 ---p 00000000 00:00 0 
7fb2cc000000-7fb2cc001000 r--s 00006000 ca:02 772712                     /root/.m2/repository/org/sonatype/plexus/plexus-sec-dispatcher/1.3/plexus-sec-dispatcher-1.3.jar
7fb2cc001000-7fb2cc003000 r--s 00003000 ca:02 5400921                    /root/.m2/repository/org/slf4j/jcl-over-slf4j/1.5.6/jcl-over-slf4j-1.5.6.jar
7fb2cc003000-7fb2cc005000 r--s 00001000 ca:02 9644533                    /root/.m2/repository/org/slf4j/slf4j-jdk14/1.5.6/slf4j-jdk14-1.5.6.jar
7fb2cc005000-7fb2cc007000 r--s 0000b000 ca:02 21165840                   /root/.m2/repository/org/codehaus/plexus/plexus-interpolation/1.11/plexus-interpolation-1.11.jar
7fb2cc007000-7fb2cc00b000 r--s 00034000 ca:02 13044627                   /root/.m2/repository/org/codehaus/plexus/plexus-utils/1.5.15/plexus-utils-1.5.15.jar
7fb2cc00b000-7fb2cc00d000 r--s 0000a000 ca:02 21078137                   /root/.m2/repository/org/apache/maven/plugins/maven-compiler-plugin/3.3/maven-compiler-plugin-3.3.jar
7fb2cc00d000-7fb2cc00f000 r--s 0000d000 ca:02 25260425                   /root/.m2/repository/org/codehaus/plexus/plexus-interpolation/1.13/plexus-interpolation-1.13.jar
7fb2cc00f000-7fb2cc010000 r--s 00001000 ca:02 21079488                   /root/.m2/repository/org/sonatype/plexus/plexus-build-api/0.0.4/plexus-build-api-0.0.4.jar
7fb2cc010000-7fb2cc012000 r--s 00009000 ca:02 21079486                   /root/.m2/repository/org/apache/maven/shared/maven-filtering/1.1/maven-filtering-1.1.jar
7fb2cc012000-7fb2cc016000 r--s 00033000 ca:02 5400874                    /root/.m2/repository/org/codehaus/plexus/plexus-utils/2.0.5/plexus-utils-2.0.5.jar
7fb2cc016000-7fb2cc019000 r--s 0001b000 ca:02 9765304                    /root/.m2/repository/junit/junit/3.8.1/junit-3.8.1.jar
7fb2cc019000-7fb2cc01b000 r--s 00002000 ca:02 16878896                   /root/.m2/repository/org/codehaus/plexus/plexus-interactivity-api/1.0-alpha-4/plexus-interactivity-api-1.0-alpha-4.jar
7fb2cc01b000-7fb2cc01d000 r--s 00006000 ca:02 2445534                    /root/.m2/repository/commons-cli/commons-cli/1.0/commons-cli-1.0.jar
7fb2cc01d000-7fb2cc01e000 r--s 00001000 ca:02 2445531                    /root/.m2/repository/org/apache/maven/doxia/doxia-sink-api/1.0-alpha-7/doxia-sink-api-1.0-alpha-7.jar
7fb2cc01e000-7fb2cc01f000 r--s 00002000 ca:02 9765298                    /root/.m2/repository/org/apache/maven/reporting/maven-reporting-api/2.0.6/maven-reporting-api-2.0.6.jar
7fb2cc01f000-7fb2cc021000 r--s 00006000 ca:02 16878641                   /root/.m2/repository/org/apache/maven/plugins/maven-resources-plugin/2.6/maven-resources-plugin-2.6.jar
7fb2cc021000-7fb2cc027000 r--s 0003e000 ca:02 13207027                   /usr/java/jdk1.8.0_181-amd64/jre/lib/ext/sunjce_provider.jar
7fb2cc027000-7fb2cc03c000 r--s 000ff000 ca:02 13203996                   /usr/java/jdk1.8.0_181-amd64/jre/lib/resources.jar
7fb2cc03c000-7fb2cc03e000 r--s 00009000 ca:02 13207026                   /usr/java/jdk1.8.0_181-amd64/jre/lib/ext/sunec.jar
7fb2cc03e000-7fb2cc043000 r--s 00041000 ca:02 21077849                   /root/.jenkins/cache/jars/C2/6DEE0DB71344F5159FEBFCD6E52613.jar
7fb2cc043000-7fb2cc050000 r--s 0005f000 ca:02 13032815                   /root/.jenkins/cache/jars/FC/63DC0AB6B02EF58ED8E483DE635AE9.jar
7fb2cc050000-7fb2cc05e000 r--s 00075000 ca:02 21077847                   /root/.jenkins/cache/jars/FE/4C264E639D06F42E6ADDA720A7F5DF.jar
7fb2cc05e000-7fb2cc05f000 r--s 00001000 ca:02 2445481                    /root/.jenkins/cache/jars/10/D6706954D98E54D3BBC6FC9632E8C8.jar
7fb2cc05f000-7fb2cc068000 r--s 0005c000 ca:02 16878634                   /root/.jenkins/cache/jars/80/A8CA5D38908CA3ACA438F7395BFCC4.jar
7fb2cc068000-7fb2cc06b000 ---p 00000000 00:00 0 
7fb2cc06b000-7fb2cc169000 rw-p 00000000 00:00 0 
7fb2cc169000-7fb2cc178000 r--s 000a1000 ca:02 9641168                    /root/.jenkins/cache/jars/F3/CCC0314CAB8EBF553BB0F32C3B94B0.jar
7fb2cc178000-7fb2cc17b000 ---p 00000000 00:00 0 
7fb2cc17b000-7fb2cc279000 rw-p 00000000 00:00 0 
7fb2cc279000-7fb2cc27c000 ---p 00000000 00:00 0 
7fb2cc27c000-7fb2cc37a000 rw-p 00000000 00:00 0 
7fb2cc37a000-7fb2cc37d000 ---p 00000000 00:00 0 
7fb2cc37d000-7fb2cc47b000 rw-p 00000000 00:00 0 
7fb2cc47b000-7fb2cc47e000 ---p 00000000 00:00 0 
7fb2cc47e000-7fb2cc57c000 rw-p 00000000 00:00 0 
7fb2cc57c000-7fb2cc57f000 ---p 00000000 00:00 0 
7fb2cc57f000-7fb2cc67d000 rw-p 00000000 00:00 0 
7fb2cc67d000-7fb2cc680000 ---p 00000000 00:00 0 
7fb2cc680000-7fb2cc77e000 rw-p 00000000 00:00 0 
7fb2cc77e000-7fb2cc781000 ---p 00000000 00:00 0 
7fb2cc781000-7fb2cc87f000 rw-p 00000000 00:00 0 
7fb2cc87f000-7fb2cc882000 ---p 00000000 00:00 0 
7fb2cc882000-7fb2cc980000 rw-p 00000000 00:00 0 
7fb2cc980000-7fb2cc983000 ---p 00000000 00:00 0 
7fb2cc983000-7fb2cca81000 rw-p 00000000 00:00 0 
7fb2cca81000-7fb2cca84000 ---p 00000000 00:00 0 
7fb2cca84000-7fb2ccb82000 rw-p 00000000 00:00 0 
7fb2ccb82000-7fb2ccb85000 ---p 00000000 00:00 0 
7fb2ccb85000-7fb2ccc83000 rw-p 00000000 00:00 0 
7fb2ccc83000-7fb2ccc86000 ---p 00000000 00:00 0 
7fb2ccc86000-7fb2ccd84000 rw-p 00000000 00:00 0 
7fb2ccd84000-7fb2ccd87000 ---p 00000000 00:00 0 
7fb2ccd87000-7fb2cce85000 rw-p 00000000 00:00 0 
7fb2cce85000-7fb2cce88000 ---p 00000000 00:00 0 
7fb2cce88000-7fb2ccf86000 rw-p 00000000 00:00 0 
7fb2ccf86000-7fb2ccf89000 ---p 00000000 00:00 0 
7fb2ccf89000-7fb2cd087000 rw-p 00000000 00:00 0 
7fb2cd087000-7fb2cd08a000 ---p 00000000 00:00 0 
7fb2cd08a000-7fb2cd188000 rw-p 00000000 00:00 0 
7fb2cd188000-7fb2cd18b000 ---p 00000000 00:00 0 
7fb2cd18b000-7fb2cd289000 rw-p 00000000 00:00 0 
7fb2cd289000-7fb2cd28c000 ---p 00000000 00:00 0 
7fb2cd28c000-7fb2cd38a000 rw-p 00000000 00:00 0 
7fb2cd38a000-7fb2cd38d000 ---p 00000000 00:00 0 
7fb2cd38d000-7fb2cd48b000 rw-p 00000000 00:00 0 
7fb2cd48b000-7fb2cd48e000 ---p 00000000 00:00 0 
7fb2cd48e000-7fb2cd58c000 rw-p 00000000 00:00 0 
7fb2cd58c000-7fb2cd58f000 ---p 00000000 00:00 0 
7fb2cd58f000-7fb2cd68d000 rw-p 00000000 00:00 0 
7fb2cd68d000-7fb2cd690000 ---p 00000000 00:00 0 
7fb2cd690000-7fb2cd78e000 rw-p 00000000 00:00 0 
7fb2cd78e000-7fb2cd791000 ---p 00000000 00:00 0 
7fb2cd791000-7fb2cd88f000 rw-p 00000000 00:00 0 
7fb2cd88f000-7fb2cd892000 ---p 00000000 00:00 0 
7fb2cd892000-7fb2cd990000 rw-p 00000000 00:00 0 
7fb2cd990000-7fb2cd993000 ---p 00000000 00:00 0 
7fb2cd993000-7fb2cda91000 rw-p 00000000 00:00 0 
7fb2cda91000-7fb2cda94000 ---p 00000000 00:00 0 
7fb2cda94000-7fb2cdb92000 rw-p 00000000 00:00 0 
7fb2cdb92000-7fb2cdb95000 ---p 00000000 00:00 0 
7fb2cdb95000-7fb2cdc93000 rw-p 00000000 00:00 0 
7fb2cdc93000-7fb2cdc96000 ---p 00000000 00:00 0 
7fb2cdc96000-7fb2cdd94000 rw-p 00000000 00:00 0 
7fb2cdd94000-7fb2cdd97000 ---p 00000000 00:00 0 
7fb2cdd97000-7fb2cde95000 rw-p 00000000 00:00 0 
7fb2cde95000-7fb2cde98000 ---p 00000000 00:00 0 
7fb2cde98000-7fb2cdf96000 rw-p 00000000 00:00 0 
7fb2cdf96000-7fb2cdf99000 ---p 00000000 00:00 0 
7fb2cdf99000-7fb2ce097000 rw-p 00000000 00:00 0 
7fb2ce097000-7fb2ce09a000 ---p 00000000 00:00 0 
7fb2ce09a000-7fb2ce198000 rw-p 00000000 00:00 0 
7fb2ce198000-7fb2ce19b000 ---p 00000000 00:00 0 
7fb2ce19b000-7fb2ce299000 rw-p 00000000 00:00 0 
7fb2ce299000-7fb2ce29c000 ---p 00000000 00:00 0 
7fb2ce29c000-7fb2ce39a000 rw-p 00000000 00:00 0 
7fb2ce39a000-7fb2ce39d000 ---p 00000000 00:00 0 
7fb2ce39d000-7fb2ce49b000 rw-p 00000000 00:00 0 
7fb2ce49b000-7fb2ce49e000 ---p 00000000 00:00 0 
7fb2ce49e000-7fb2ce59c000 rw-p 00000000 00:00 0 
7fb2ce59c000-7fb2ce59d000 r--s 00005000 ca:02 8452752                    /opt/apache-maven-3.5.4/lib/maven-slf4j-provider-3.5.4.jar
7fb2ce59d000-7fb2ce59f000 r--s 00003000 ca:02 8452751                    /opt/apache-maven-3.5.4/lib/jcl-over-slf4j-1.7.25.jar
7fb2ce59f000-7fb2ce5a1000 r--s 0000c000 ca:02 8452750                    /opt/apache-maven-3.5.4/lib/commons-cli-1.4.jar
7fb2ce5a1000-7fb2ce5a3000 r--s 00000000 ca:02 8452749                    /opt/apache-maven-3.5.4/lib/aopalliance-1.0.jar
7fb2ce5a3000-7fb2ce5ab000 r--s 0006e000 ca:02 8452748                    /opt/apache-maven-3.5.4/lib/commons-lang3-3.5.jar
7fb2ce5ab000-7fb2ce5af000 r--s 00042000 ca:02 8452768                    /opt/apache-maven-3.5.4/lib/jansi-1.17.1.jar
7fb2ce5af000-7fb2ce5b0000 r--s 00002000 ca:02 8452743                    /opt/apache-maven-3.5.4/lib/wagon-file-3.1.0.jar
7fb2ce5b0000-7fb2ce5b2000 r--s 0000c000 ca:02 8452742                    /opt/apache-maven-3.5.4/lib/wagon-provider-api-3.1.0.jar
7fb2ce5b2000-7fb2ce5b4000 r--s 00009000 ca:02 8452741                    /opt/apache-maven-3.5.4/lib/slf4j-api-1.7.25.jar
7fb2ce5b4000-7fb2ce5b8000 r--s 0002a000 ca:02 8452740                    /opt/apache-maven-3.5.4/lib/maven-resolver-impl-1.1.1.jar
7fb2ce5b8000-7fb2ce5ba000 r--s 00007000 ca:02 8452739                    /opt/apache-maven-3.5.4/lib/maven-resolver-spi-1.1.1.jar
7fb2ce5ba000-7fb2ce5bc000 r--s 0000f000 ca:02 8452738                    /opt/apache-maven-3.5.4/lib/maven-resolver-provider-3.5.4.jar
7fb2ce5bc000-7fb2ce5bf000 r--s 00026000 ca:02 8452737                    /opt/apache-maven-3.5.4/lib/maven-model-3.5.4.jar
7fb2ce5bf000-7fb2ce5c1000 r--s 00000000 ca:02 8935074                    /opt/apache-maven-3.5.4/lib/plexus-component-annotations-1.7.1.jar
7fb2ce5c1000-7fb2ce5c2000 r--s 0000a000 ca:02 8935073                    /opt/apache-maven-3.5.4/lib/maven-settings-3.5.4.jar
7fb2ce5c2000-7fb2ce5c5000 ---p 00000000 00:00 0 
7fb2ce5c5000-7fb2ce6c3000 rw-p 00000000 00:00 0 
7fb2ce6c3000-7fb2ce6c6000 ---p 00000000 00:00 0 
7fb2ce6c6000-7fb2ce7c4000 rw-p 00000000 00:00 0 
7fb2ce7c4000-7fb2ce7c7000 ---p 00000000 00:00 0 
7fb2ce7c7000-7fb2ce8c5000 rw-p 00000000 00:00 0 
7fb2ce8c5000-7fb2ce8c8000 ---p 00000000 00:00 0 
7fb2ce8c8000-7fb2ce9c6000 rw-p 00000000 00:00 0 
7fb2ce9c6000-7fb2ce9c9000 ---p 00000000 00:00 0 
7fb2ce9c9000-7fb2ceac7000 rw-p 00000000 00:00 0 
7fb2ceac7000-7fb2ceaca000 ---p 00000000 00:00 0 
7fb2ceaca000-7fb2cebc8000 rw-p 00000000 00:00 0 
7fb2cebc8000-7fb2cebd9000 r-xp 00000000 ca:02 17283817                   /usr/java/jdk1.8.0_181-amd64/jre/lib/amd64/libnio.so
7fb2cebd9000-7fb2cedd8000 ---p 00011000 ca:02 17283817                   /usr/java/jdk1.8.0_181-amd64/jre/lib/amd64/libnio.so
7fb2cedd8000-7fb2cedd9000 rw-p 00010000 ca:02 17283817                   /usr/java/jdk1.8.0_181-amd64/jre/lib/amd64/libnio.so
7fb2cedd9000-7fb2cedef000 r-xp 00000000 ca:02 17283816                   /usr/java/jdk1.8.0_181-amd64/jre/lib/amd64/libnet.so
7fb2cedef000-7fb2cefef000 ---p 00016000 ca:02 17283816                   /usr/java/jdk1.8.0_181-amd64/jre/lib/amd64/libnet.so
7fb2cefef000-7fb2ceff0000 rw-p 00016000 ca:02 17283816                   /usr/java/jdk1.8.0_181-amd64/jre/lib/amd64/libnet.so
7fb2ceff0000-7fb2ceff1000 ---p 00000000 00:00 0 
7fb2ceff1000-7fb2cf0f1000 rw-p 00000000 00:00 0 
7fb2cf0f1000-7fb2cf0f4000 ---p 00000000 00:00 0 
7fb2cf0f4000-7fb2cf1f2000 rw-p 00000000 00:00 0 
7fb2cf1f2000-7fb2cf1f6000 ---p 00000000 00:00 0 
7fb2cf1f6000-7fb2cf2f3000 rw-p 00000000 00:00 0 
7fb2cf2f3000-7fb2cf2f7000 ---p 00000000 00:00 0 
7fb2cf2f7000-7fb2cf3f4000 rw-p 00000000 00:00 0 
7fb2cf3f4000-7fb2cf3f7000 ---p 00000000 00:00 0 
7fb2cf3f7000-7fb2cf4f5000 rw-p 00000000 00:00 0 
7fb2cf4f5000-7fb2cf4f8000 ---p 00000000 00:00 0 
7fb2cf4f8000-7fb2cf5f6000 rw-p 00000000 00:00 0 
7fb2cf5f6000-7fb2cf5f9000 ---p 00000000 00:00 0 
7fb2cf5f9000-7fb2cf6f7000 rw-p 00000000 00:00 0 
7fb2cf6f7000-7fb2cf6f8000 ---p 00000000 00:00 0 
7fb2cf6f8000-7fb2d0000000 rw-p 00000000 00:00 0 
7fb2d0000000-7fb2d0025000 rw-p 00000000 00:00 0 
7fb2d0025000-7fb2d4000000 ---p 00000000 00:00 0 
7fb2d4000000-7fb2d402f000 r--s 00226000 ca:02 8452733                    /opt/apache-maven-3.5.4/lib/guava-20.0.jar
7fb2d402f000-7fb2d4032000 r--s 00008000 ca:02 8452732                    /opt/apache-maven-3.5.4/lib/cdi-api-1.0.jar
7fb2d4032000-7fb2d4033000 r--s 00006000 ca:02 8452731                    /opt/apache-maven-3.5.4/lib/plexus-sec-dispatcher-1.4.jar
7fb2d4033000-7fb2d4035000 r--s 00009000 ca:02 9715869                    /opt/apache-maven-3.5.4/lib/maven-settings-builder-3.5.4.jar
7fb2d4035000-7fb2d4040000 r--s 00075000 ca:02 9863723                    /opt/apache-maven-3.5.4/lib/guice-4.2.0-no_aop.jar
7fb2d4040000-7fb2d4044000 r--s 00023000 ca:02 9863713                    /opt/apache-maven-3.5.4/lib/maven-resolver-util-1.1.1.jar
7fb2d4044000-7fb2d404a000 r--s 0002d000 ca:02 9970214                    /opt/apache-maven-3.5.4/lib/org.eclipse.sisu.plexus-0.3.3.jar
7fb2d404a000-7fb2d404d000 r--s 00016000 ca:02 9941023                    /opt/apache-maven-3.5.4/lib/maven-embedder-3.5.4.jar
7fb2d404d000-7fb2d4053000 r--s 00041000 ca:02 9941017                    /opt/apache-maven-3.5.4/lib/maven-compat-3.5.4.jar
7fb2d4053000-7fb2d405a000 r--s 00056000 ca:02 9941016                    /opt/apache-maven-3.5.4/lib/org.eclipse.sisu.inject-0.3.3.jar
7fb2d405a000-7fb2d405c000 r--s 0000c000 ca:02 9941014                    /opt/apache-maven-3.5.4/lib/maven-artifact-3.5.4.jar
7fb2d405c000-7fb2d405f000 r--s 00011000 ca:02 9941013                    /opt/apache-maven-3.5.4/lib/plexus-interpolation-1.24.jar
7fb2d405f000-7fb2d4063000 r--s 0002f000 ca:02 9941005                    /opt/apache-maven-3.5.4/lib/commons-io-2.5.jar
7fb2d4063000-7fb2d4090000 r--s 001de000 ca:02 9940998                    /opt/apache-maven-3.5.4/lib/wagon-http-3.1.0-shaded.jar
7fb2d4090000-7fb2d4232000 rw-p 00000000 00:00 0 
7fb2d4232000-7fb2d440c000 r--s 03d23000 ca:02 13659975                   /usr/java/jdk1.8.0_181-amd64/jre/lib/rt.jar
7fb2d440c000-7fb2d4c82000 rw-p 00000000 00:00 0 
7fb2d4c82000-7fb2d8d93000 rw-p 00000000 00:00 0 
7fb2d8d93000-7fb2d9000000 ---p 00000000 00:00 0 
7fb2d9000000-7fb2da280000 rwxp 00000000 00:00 0 
7fb2da280000-7fb2e8000000 ---p 00000000 00:00 0 
7fb2e8000000-7fb2e842c000 rw-p 00000000 00:00 0 
7fb2e842c000-7fb2ec000000 ---p 00000000 00:00 0 
7fb2ec000000-7fb2ec002000 r--s 00006000 ca:02 9941006                    /opt/apache-maven-3.5.4/lib/maven-resolver-transport-wagon-1.1.1.jar
7fb2ec002000-7fb2ec006000 r--s 00020000 ca:02 9941004                    /opt/apache-maven-3.5.4/lib/maven-resolver-api-1.1.1.jar
7fb2ec006000-7fb2ec00a000 r--s 0003c000 ca:02 9941003                    /opt/apache-maven-3.5.4/lib/plexus-utils-3.1.0.jar
7fb2ec00a000-7fb2ec00d000 r--s 00026000 ca:02 9940997                    /opt/apache-maven-3.5.4/lib/maven-shared-utils-3.2.1.jar
7fb2ec00d000-7fb2ec012000 r--s 00027000 ca:02 9940996                    /opt/apache-maven-3.5.4/lib/maven-model-builder-3.5.4.jar
7fb2ec012000-7fb2ec01f000 r--s 0008d000 ca:02 9940986                    /opt/apache-maven-3.5.4/lib/maven-core-3.5.4.jar
7fb2ec01f000-7fb2ec040000 rw-p 00000000 00:00 0 
7fb2ec040000-7fb2ec041000 ---p 00000000 00:00 0 
7fb2ec041000-7fb2ec141000 rw-p 00000000 00:00 0 
7fb2ec141000-7fb2ec142000 ---p 00000000 00:00 0 
7fb2ec142000-7fb2ec261000 rw-p 00000000 00:00 0 
7fb2ec261000-7fb2ec4ce000 ---p 00000000 00:00 0 
7fb2ec4ce000-7fb2ec55d000 rw-p 00000000 00:00 0 
7fb2ec55d000-7fb2ec614000 ---p 00000000 00:00 0 
7fb2ec614000-7fb2ec65f000 rw-p 00000000 00:00 0 
7fb2ec65f000-7fb2ec9d5000 ---p 00000000 00:00 0 
7fb2ec9d5000-7fb2ec9f0000 r-xp 00000000 ca:02 17283831                   /usr/java/jdk1.8.0_181-amd64/jre/lib/amd64/libzip.so
7fb2ec9f0000-7fb2ecbf0000 ---p 0001b000 ca:02 17283831                   /usr/java/jdk1.8.0_181-amd64/jre/lib/amd64/libzip.so
7fb2ecbf0000-7fb2ecbf1000 rw-p 0001b000 ca:02 17283831                   /usr/java/jdk1.8.0_181-amd64/jre/lib/amd64/libzip.so
7fb2ecbf1000-7fb2ecbfd000 r-xp 00000000 ca:02 50810                      /usr/lib64/libnss_files-2.17.so
7fb2ecbfd000-7fb2ecdfc000 ---p 0000c000 ca:02 50810                      /usr/lib64/libnss_files-2.17.so
7fb2ecdfc000-7fb2ecdfd000 r--p 0000b000 ca:02 50810                      /usr/lib64/libnss_files-2.17.so
7fb2ecdfd000-7fb2ecdfe000 rw-p 0000c000 ca:02 50810                      /usr/lib64/libnss_files-2.17.so
7fb2ecdfe000-7fb2ece04000 rw-p 00000000 00:00 0 
7fb2ece04000-7fb2ece2f000 r-xp 00000000 ca:02 17283316                   /usr/java/jdk1.8.0_181-amd64/jre/lib/amd64/libjava.so
7fb2ece2f000-7fb2ed02e000 ---p 0002b000 ca:02 17283316                   /usr/java/jdk1.8.0_181-amd64/jre/lib/amd64/libjava.so
7fb2ed02e000-7fb2ed030000 rw-p 0002a000 ca:02 17283316                   /usr/java/jdk1.8.0_181-amd64/jre/lib/amd64/libjava.so
7fb2ed030000-7fb2ed03d000 r-xp 00000000 ca:02 17283830                   /usr/java/jdk1.8.0_181-amd64/jre/lib/amd64/libverify.so
7fb2ed03d000-7fb2ed23d000 ---p 0000d000 ca:02 17283830                   /usr/java/jdk1.8.0_181-amd64/jre/lib/amd64/libverify.so
7fb2ed23d000-7fb2ed23f000 rw-p 0000d000 ca:02 17283830                   /usr/java/jdk1.8.0_181-amd64/jre/lib/amd64/libverify.so
7fb2ed23f000-7fb2ed246000 r-xp 00000000 ca:02 50822                      /usr/lib64/librt-2.17.so
7fb2ed246000-7fb2ed445000 ---p 00007000 ca:02 50822                      /usr/lib64/librt-2.17.so
7fb2ed445000-7fb2ed446000 r--p 00006000 ca:02 50822                      /usr/lib64/librt-2.17.so
7fb2ed446000-7fb2ed447000 rw-p 00007000 ca:02 50822                      /usr/lib64/librt-2.17.so
7fb2ed447000-7fb2ed548000 r-xp 00000000 ca:02 50800                      /usr/lib64/libm-2.17.so
7fb2ed548000-7fb2ed747000 ---p 00101000 ca:02 50800                      /usr/lib64/libm-2.17.so
7fb2ed747000-7fb2ed748000 r--p 00100000 ca:02 50800                      /usr/lib64/libm-2.17.so
7fb2ed748000-7fb2ed749000 rw-p 00101000 ca:02 50800                      /usr/lib64/libm-2.17.so
7fb2ed749000-7fb2ee425000 r-xp 00000000 ca:02 5147435                    /usr/java/jdk1.8.0_181-amd64/jre/lib/amd64/server/libjvm.so
7fb2ee425000-7fb2ee625000 ---p 00cdc000 ca:02 5147435                    /usr/java/jdk1.8.0_181-amd64/jre/lib/amd64/server/libjvm.so
7fb2ee625000-7fb2ee6ff000 rw-p 00cdc000 ca:02 5147435                    /usr/java/jdk1.8.0_181-amd64/jre/lib/amd64/server/libjvm.so
7fb2ee6ff000-7fb2ee74a000 rw-p 00000000 00:00 0 
7fb2ee74a000-7fb2ee90d000 r-xp 00000000 ca:02 50792                      /usr/lib64/libc-2.17.so
7fb2ee90d000-7fb2eeb0c000 ---p 001c3000 ca:02 50792                      /usr/lib64/libc-2.17.so
7fb2eeb0c000-7fb2eeb10000 r--p 001c2000 ca:02 50792                      /usr/lib64/libc-2.17.so
7fb2eeb10000-7fb2eeb12000 rw-p 001c6000 ca:02 50792                      /usr/lib64/libc-2.17.so
7fb2eeb12000-7fb2eeb17000 rw-p 00000000 00:00 0 
7fb2eeb17000-7fb2eeb19000 r-xp 00000000 ca:02 50798                      /usr/lib64/libdl-2.17.so
7fb2eeb19000-7fb2eed19000 ---p 00002000 ca:02 50798                      /usr/lib64/libdl-2.17.so
7fb2eed19000-7fb2eed1a000 r--p 00002000 ca:02 50798                      /usr/lib64/libdl-2.17.so
7fb2eed1a000-7fb2eed1b000 rw-p 00003000 ca:02 50798                      /usr/lib64/libdl-2.17.so
7fb2eed1b000-7fb2eed31000 r-xp 00000000 ca:02 21052642                   /usr/java/jdk1.8.0_181-amd64/jre/lib/amd64/jli/libjli.so
7fb2eed31000-7fb2eef30000 ---p 00016000 ca:02 21052642                   /usr/java/jdk1.8.0_181-amd64/jre/lib/amd64/jli/libjli.so
7fb2eef30000-7fb2eef31000 rw-p 00015000 ca:02 21052642                   /usr/java/jdk1.8.0_181-amd64/jre/lib/amd64/jli/libjli.so
7fb2eef31000-7fb2eef48000 r-xp 00000000 ca:02 50818                      /usr/lib64/libpthread-2.17.so
7fb2eef48000-7fb2ef147000 ---p 00017000 ca:02 50818                      /usr/lib64/libpthread-2.17.so
7fb2ef147000-7fb2ef148000 r--p 00016000 ca:02 50818                      /usr/lib64/libpthread-2.17.so
7fb2ef148000-7fb2ef149000 rw-p 00017000 ca:02 50818                      /usr/lib64/libpthread-2.17.so
7fb2ef149000-7fb2ef14d000 rw-p 00000000 00:00 0 
7fb2ef14d000-7fb2ef16f000 r-xp 00000000 ca:02 50785                      /usr/lib64/ld-2.17.so
7fb2ef16f000-7fb2ef170000 r--s 00001000 ca:02 9941015                    /opt/apache-maven-3.5.4/lib/jsr250-api-1.0.jar
7fb2ef170000-7fb2ef171000 r--s 00000000 ca:02 9940995                    /opt/apache-maven-3.5.4/lib/javax.inject-1.jar
7fb2ef171000-7fb2ef173000 r--s 0000a000 ca:02 9940994                    /opt/apache-maven-3.5.4/lib/maven-plugin-api-3.5.4.jar
7fb2ef173000-7fb2ef174000 r--s 00006000 ca:02 9940993                    /opt/apache-maven-3.5.4/lib/maven-repository-metadata-3.5.4.jar
7fb2ef174000-7fb2ef176000 r--s 00002000 ca:02 9940992                    /opt/apache-maven-3.5.4/lib/plexus-cipher-1.7.jar
7fb2ef176000-7fb2ef178000 r--s 00009000 ca:02 9940987                    /opt/apache-maven-3.5.4/lib/maven-resolver-connector-basic-1.1.1.jar
7fb2ef178000-7fb2ef179000 r--s 00003000 ca:02 9940985                    /opt/apache-maven-3.5.4/lib/maven-builder-support-3.5.4.jar
7fb2ef179000-7fb2ef17a000 r--s 00001000 ca:02 5413055                    /root/.jenkins/plugins/maven-plugin/WEB-INF/lib/maven3-interceptor-commons-1.12-alpha-1.jar
7fb2ef17a000-7fb2ef17d000 r--s 0001a000 ca:02 13203972                   /usr/java/jdk1.8.0_181-amd64/jre/lib/jce.jar
7fb2ef17d000-7fb2ef181000 r--s 0009d000 ca:02 13659976                   /usr/java/jdk1.8.0_181-amd64/jre/lib/jsse.jar
7fb2ef181000-7fb2ef18e000 r--s 000b0000 ca:02 13208921                   /root/.jenkins/war/WEB-INF/lib/remoting-3.23.jar
7fb2ef18e000-7fb2ef259000 rw-p 00000000 00:00 0 
7fb2ef259000-7fb2ef261000 rw-s 00000000 ca:02 25254067                   /tmp/hsperfdata_root/30885
7fb2ef261000-7fb2ef265000 ---p 00000000 00:00 0 
7fb2ef265000-7fb2ef366000 rw-p 00000000 00:00 0 
7fb2ef366000-7fb2ef368000 r--s 00004000 ca:02 5413042                    /root/.jenkins/plugins/maven-plugin/WEB-INF/lib/maven35-interceptor-1.12-alpha-1.jar
7fb2ef368000-7fb2ef36a000 r--s 0000b000 ca:02 4327096                    /opt/apache-maven-3.5.4/boot/plexus-classworlds-2.5.2.jar
7fb2ef36a000-7fb2ef36b000 r--s 00001000 ca:02 5413035                    /root/.jenkins/plugins/maven-plugin/WEB-INF/lib/maven35-agent-1.12-alpha-1.jar
7fb2ef36b000-7fb2ef36c000 rw-p 00000000 00:00 0 
7fb2ef36c000-7fb2ef36d000 ---p 00000000 00:00 0 
7fb2ef36d000-7fb2ef36e000 rw-p 00000000 00:00 0 
7fb2ef36e000-7fb2ef36f000 r--p 00021000 ca:02 50785                      /usr/lib64/ld-2.17.so
7fb2ef36f000-7fb2ef370000 rw-p 00022000 ca:02 50785                      /usr/lib64/ld-2.17.so
7fb2ef370000-7fb2ef371000 rw-p 00000000 00:00 0 
7fffa4de5000-7fffa4e06000 rw-p 00000000 00:00 0                          [stack]
7fffa4e7b000-7fffa4e7d000 r-xp 00000000 00:00 0                          [vdso]
ffffffffff600000-ffffffffff601000 r-xp 00000000 00:00 0                  [vsyscall]

VM Arguments:
java_command: jenkins.maven3.agent.Maven35Main /opt/maven /root/.jenkins/war/WEB-INF/lib/remoting-3.23.jar /root/.jenkins/plugins/maven-plugin/WEB-INF/lib/maven35-interceptor-1.12-alpha-1.jar /root/.jenkins/plugins/maven-plugin/WEB-INF/lib/maven3-interceptor-commons-1.12-alpha-1.jar 40491
java_class_path (initial): /root/.jenkins/plugins/maven-plugin/WEB-INF/lib/maven35-agent-1.12-alpha-1.jar:/opt/maven/boot/plexus-classworlds-2.5.2.jar:/opt/maven/conf/logging
Launcher Type: SUN_STANDARD

Environment Variables:
PATH=/opt/maven/bin:/usr/local/sbin:/usr/local/bin:/usr/sbin:/usr/bin
SHELL=/bin/sh

Signal Handlers:
SIGSEGV: [libjvm.so+0xad2a40], sa_mask[0]=11111111011111111101111111111110, sa_flags=SA_RESTART|SA_SIGINFO
SIGBUS: [libjvm.so+0xad2a40], sa_mask[0]=11111111011111111101111111111110, sa_flags=SA_RESTART|SA_SIGINFO
SIGFPE: [libjvm.so+0x92a610], sa_mask[0]=11111111011111111101111111111110, sa_flags=SA_RESTART|SA_SIGINFO
SIGPIPE: [libjvm.so+0x92a610], sa_mask[0]=11111111011111111101111111111110, sa_flags=SA_RESTART|SA_SIGINFO
SIGXFSZ: [libjvm.so+0x92a610], sa_mask[0]=11111111011111111101111111111110, sa_flags=SA_RESTART|SA_SIGINFO
SIGILL: [libjvm.so+0x92a610], sa_mask[0]=11111111011111111101111111111110, sa_flags=SA_RESTART|SA_SIGINFO
SIGUSR1: SIG_DFL, sa_mask[0]=00000000000000000000000000000000, sa_flags=none
SIGUSR2: [libjvm.so+0x92be70], sa_mask[0]=00100000000000000000000000000000, sa_flags=SA_RESTART|SA_SIGINFO
SIGHUP: [libjvm.so+0x92d270], sa_mask[0]=11111111011111111101111111111110, sa_flags=SA_RESTART|SA_SIGINFO
SIGINT: [libjvm.so+0x92d270], sa_mask[0]=11111111011111111101111111111110, sa_flags=SA_RESTART|SA_SIGINFO
SIGTERM: [libjvm.so+0x92d270], sa_mask[0]=11111111011111111101111111111110, sa_flags=SA_RESTART|SA_SIGINFO
SIGQUIT: [libjvm.so+0x92d270], sa_mask[0]=11111111011111111101111111111110, sa_flags=SA_RESTART|SA_SIGINFO


---------------  S Y S T E M  ---------------

OS:Red Hat Enterprise Linux Server release 7.5 (Maipo)

uname:Linux 3.10.0-862.9.1.el7.x86_64 #1 SMP Wed Jun 27 04:30:39 EDT 2018 x86_64
libc:glibc 2.17 NPTL 2.17 
rlimit: STACK 8192k, CORE 0k, NPROC 31075, NOFILE 4096, AS infinity
load average:1.55 0.38 0.17

/proc/meminfo:
MemTotal:        8008332 kB
MemFree:          116892 kB
MemAvailable:       4728 kB
Buffers:               0 kB
Cached:            50672 kB
SwapCached:            0 kB
Active:          7687036 kB
Inactive:          40112 kB
Active(anon):    7684404 kB
Inactive(anon):    22640 kB
Active(file):       2632 kB
Inactive(file):    17472 kB
Unevictable:           0 kB
Mlocked:               0 kB
SwapTotal:             0 kB
SwapFree:              0 kB
Dirty:                 0 kB
Writeback:             4 kB
AnonPages:       7676892 kB
Mapped:            16232 kB
Shmem:             30268 kB
Slab:              58964 kB
SReclaimable:      23320 kB
SUnreclaim:        35644 kB
KernelStack:       10528 kB
PageTables:        26920 kB
NFS_Unstable:          0 kB
Bounce:                0 kB
WritebackTmp:          0 kB
CommitLimit:     4004164 kB
Committed_AS:    9283516 kB
VmallocTotal:   34359738367 kB
VmallocUsed:       24880 kB
VmallocChunk:   34359705340 kB
HardwareCorrupted:     0 kB
AnonHugePages:   5951488 kB
CmaTotal:              0 kB
CmaFree:               0 kB
HugePages_Total:       0
HugePages_Free:        0
HugePages_Rsvd:        0
HugePages_Surp:        0
Hugepagesize:       2048 kB
DirectMap4k:       92160 kB
DirectMap2M:     8296448 kB


CPU:total 2 (initial active 2) (2 cores per cpu, 1 threads per core) family 6 model 63 stepping 2, cmov, cx8, fxsr, mmx, sse, sse2, sse3, ssse3, sse4.1, sse4.2, popcnt, avx, avx2, aes, clmul, erms, lzcnt, tsc, bmi1, bmi2

/proc/cpuinfo:
processor	: 0
vendor_id	: GenuineIntel
cpu family	: 6
model		: 63
model name	: Intel(R) Xeon(R) CPU E5-2676 v3 @ 2.40GHz
stepping	: 2
microcode	: 0x3c
cpu MHz		: 2400.058
cache size	: 30720 KB
physical id	: 0
siblings	: 2
core id		: 0
cpu cores	: 2
apicid		: 0
initial apicid	: 0
fpu		: yes
fpu_exception	: yes
cpuid level	: 13
wp		: yes
flags		: fpu vme de pse tsc msr pae mce cx8 apic sep mtrr pge mca cmov pat pse36 clflush mmx fxsr sse sse2 ht syscall nx rdtscp lm constant_tsc rep_good nopl xtopology eagerfpu pni pclmulqdq ssse3 fma cx16 pcid sse4_1 sse4_2 x2apic movbe popcnt tsc_deadline_timer aes xsave avx f16c rdrand hypervisor lahf_lm abm fsgsbase bmi1 avx2 smep bmi2 erms invpcid xsaveopt
bogomips	: 4800.10
clflush size	: 64
cache_alignment	: 64
address sizes	: 46 bits physical, 48 bits virtual
power management:

processor	: 1
vendor_id	: GenuineIntel
cpu family	: 6
model		: 63
model name	: Intel(R) Xeon(R) CPU E5-2676 v3 @ 2.40GHz
stepping	: 2
microcode	: 0x3c
cpu MHz		: 2400.058
cache size	: 30720 KB
physical id	: 0
siblings	: 2
core id		: 1
cpu cores	: 2
apicid		: 2
initial apicid	: 2
fpu		: yes
fpu_exception	: yes
cpuid level	: 13
wp		: yes
flags		: fpu vme de pse tsc msr pae mce cx8 apic sep mtrr pge mca cmov pat pse36 clflush mmx fxsr sse sse2 ht syscall nx rdtscp lm constant_tsc rep_good nopl xtopology eagerfpu pni pclmulqdq ssse3 fma cx16 pcid sse4_1 sse4_2 x2apic movbe popcnt tsc_deadline_timer aes xsave avx f16c rdrand hypervisor lahf_lm abm fsgsbase bmi1 avx2 smep bmi2 erms invpcid xsaveopt
bogomips	: 4800.10
clflush size	: 64
cache_alignment	: 64
address sizes	: 46 bits physical, 48 bits virtual
power management:



Memory: 4k page, physical 8008332k(116892k free), swap 0k(0k free)

vm_info: Java HotSpot(TM) 64-Bit Server VM (25.181-b13) for linux-amd64 JRE (1.8.0_181-b13), built on Jul  7 2018 00:56:38 by "java_re" with gcc 4.3.0 20080428 (Red Hat 4.3.0-8)

time: Wed Aug  8 09:43:03 2018
elapsed time: 17 seconds (0d 0h 0m 17s)

